{"numFailedTestSuites":0,"numFailedTests":0,"numPassedTestSuites":10,"numPassedTests":100,"numPendingTestSuites":0,"numPendingTests":0,"numRuntimeErrorTestSuites":0,"numTodoTests":0,"numTotalTestSuites":10,"numTotalTests":100,"openHandles":[],"snapshot":{"added":0,"didUpdate":false,"failure":false,"filesAdded":0,"filesRemoved":0,"filesRemovedList":[],"filesUnmatched":0,"filesUpdated":0,"matched":0,"total":0,"unchecked":0,"uncheckedKeysByFile":[],"unmatched":0,"updated":0},"startTime":1775313020423,"success":true,"testResults":[{"assertionResults":[{"ancestorTitles":["updateOneSpot"],"duration":1,"failing":false,"failureDetails":[],"failureMessages":[],"fullName":"updateOneSpot cambia el status del spot correcto","invocations":1,"location":null,"numPassingAsserts":1,"retryReasons":[],"startAt":1775313021352,"status":"passed","title":"cambia el status del spot correcto"},{"ancestorTitles":["updateOneSpot"],"duration":0,"failing":false,"failureDetails":[],"failureMessages":[],"fullName":"updateOneSpot no modifica otros spots de la misma zona","invocations":1,"location":null,"numPassingAsserts":2,"retryReasons":[],"startAt":1775313021354,"status":"passed","title":"no modifica otros spots de la misma zona"},{"ancestorTitles":["updateOneSpot"],"duration":0,"failing":false,"failureDetails":[],"failureMessages":[],"fullName":"updateOneSpot no modifica zonas que no contienen el spot","invocations":1,"location":null,"numPassingAsserts":2,"retryReasons":[],"startAt":1775313021354,"status":"passed","title":"no modifica zonas que no contienen el spot"},{"ancestorTitles":["updateOneSpot"],"duration":0,"failing":false,"failureDetails":[],"failureMessages":[],"fullName":"updateOneSpot spotId inexistente devuelve array con mismos statuses","invocations":1,"location":null,"numPassingAsserts":5,"retryReasons":[],"startAt":1775313021354,"status":"passed","title":"spotId inexistente devuelve array con mismos statuses"},{"ancestorTitles":["updateOneSpot"],"duration":0,"failing":false,"failureDetails":[],"failureMessages":[],"fullName":"updateOneSpot devuelve un array nuevo (inmutabilidad)","invocations":1,"location":null,"numPassingAsserts":1,"retryReasons":[],"startAt":1775313021355,"status":"passed","title":"devuelve un array nuevo (inmutabilidad)"},{"ancestorTitles":["updateOneSpot"],"duration":0,"failing":false,"failureDetails":[],"failureMessages":[],"fullName":"updateOneSpot la zona que contiene el spot tiene nueva referencia","invocations":1,"location":null,"numPassingAsserts":1,"retryReasons":[],"startAt":1775313021355,"status":"passed","title":"la zona que contiene el spot tiene nueva referencia"},{"ancestorTitles":["updateOneSpot"],"duration":0,"failing":false,"failureDetails":[],"failureMessages":[],"fullName":"updateOneSpot la zona que NO contiene el spot conserva la misma referencia","invocations":1,"location":null,"numPassingAsserts":1,"retryReasons":[],"startAt":1775313021355,"status":"passed","title":"la zona que NO contiene el spot conserva la misma referencia"},{"ancestorTitles":["updateOneSpot"],"duration":0,"failing":false,"failureDetails":[],"failureMessages":[],"fullName":"updateOneSpot puede cambiar a status 'reported'","invocations":1,"location":null,"numPassingAsserts":1,"retryReasons":[],"startAt":1775313021355,"status":"passed","title":"puede cambiar a status 'reported'"},{"ancestorTitles":["applyStatusMap"],"duration":0,"failing":false,"failureDetails":[],"failureMessages":[],"fullName":"applyStatusMap aplica el Map a los spots correspondientes","invocations":1,"location":null,"numPassingAsserts":2,"retryReasons":[],"startAt":1775313021355,"status":"passed","title":"aplica el Map a los spots correspondientes"},{"ancestorTitles":["applyStatusMap"],"duration":0,"failing":false,"failureDetails":[],"failureMessages":[],"fullName":"applyStatusMap Map vacío devuelve los mismos statuses","invocations":1,"location":null,"numPassingAsserts":5,"retryReasons":[],"startAt":1775313021355,"status":"passed","title":"Map vacío devuelve los mismos statuses"},{"ancestorTitles":["applyStatusMap"],"duration":1,"failing":false,"failureDetails":[],"failureMessages":[],"fullName":"applyStatusMap spotId que no existe en zones es ignorado silenciosamente","invocations":1,"location":null,"numPassingAsserts":5,"retryReasons":[],"startAt":1775313021355,"status":"passed","title":"spotId que no existe en zones es ignorado silenciosamente"},{"ancestorTitles":["applyStatusMap"],"duration":0,"failing":false,"failureDetails":[],"failureMessages":[],"fullName":"applyStatusMap actualiza múltiples spots en múltiples zonas en un solo pase","invocations":1,"location":null,"numPassingAsserts":3,"retryReasons":[],"startAt":1775313021356,"status":"passed","title":"actualiza múltiples spots en múltiples zonas en un solo pase"},{"ancestorTitles":["applyStatusMap"],"duration":0,"failing":false,"failureDetails":[],"failureMessages":[],"fullName":"applyStatusMap devuelve array nuevo (inmutabilidad)","invocations":1,"location":null,"numPassingAsserts":1,"retryReasons":[],"startAt":1775313021356,"status":"passed","title":"devuelve array nuevo (inmutabilidad)"}],"endTime":1775313021356,"message":"","name":"/Users/felipeeguia03/Desktop/parkit-mobile/__tests__/lib/parking-utils.test.ts","startTime":1775313020587,"status":"passed","summary":""},{"assertionResults":[{"ancestorTitles":["ConfirmParkingModal — guard de nulos"],"duration":6,"failing":false,"failureDetails":[],"failureMessages":[],"fullName":"ConfirmParkingModal — guard de nulos no renderiza nada si zone es null","invocations":1,"location":null,"numPassingAsserts":1,"retryReasons":[],"startAt":1775313021587,"status":"passed","title":"no renderiza nada si zone es null"},{"ancestorTitles":["ConfirmParkingModal — guard de nulos"],"duration":1,"failing":false,"failureDetails":[],"failureMessages":[],"fullName":"ConfirmParkingModal — guard de nulos no renderiza nada si spot es null","invocations":1,"location":null,"numPassingAsserts":1,"retryReasons":[],"startAt":1775313021593,"status":"passed","title":"no renderiza nada si spot es null"},{"ancestorTitles":["ConfirmParkingModal — contenido"],"duration":168,"failing":false,"failureDetails":[],"failureMessages":[],"fullName":"ConfirmParkingModal — contenido muestra el ID del spot en el hero","invocations":1,"location":null,"numPassingAsserts":1,"retryReasons":[],"startAt":1775313021594,"status":"passed","title":"muestra el ID del spot en el hero"},{"ancestorTitles":["ConfirmParkingModal — contenido"],"duration":3,"failing":false,"failureDetails":[],"failureMessages":[],"fullName":"ConfirmParkingModal — contenido muestra el nombre de la zona","invocations":1,"location":null,"numPassingAsserts":1,"retryReasons":[],"startAt":1775313021762,"status":"passed","title":"muestra el nombre de la zona"},{"ancestorTitles":["ConfirmParkingModal — contenido"],"duration":2,"failing":false,"failureDetails":[],"failureMessages":[],"fullName":"ConfirmParkingModal — contenido muestra zona e ID de lugar en la info card","invocations":1,"location":null,"numPassingAsserts":1,"retryReasons":[],"startAt":1775313021765,"status":"passed","title":"muestra zona e ID de lugar en la info card"},{"ancestorTitles":["ConfirmParkingModal — interacciones"],"duration":3,"failing":false,"failureDetails":[],"failureMessages":[],"fullName":"ConfirmParkingModal — interacciones llama a onConfirm al presionar 'Estacionar aquí'","invocations":1,"location":null,"numPassingAsserts":1,"retryReasons":[],"startAt":1775313021767,"status":"passed","title":"llama a onConfirm al presionar 'Estacionar aquí'"},{"ancestorTitles":["ConfirmParkingModal — interacciones"],"duration":3,"failing":false,"failureDetails":[],"failureMessages":[],"fullName":"ConfirmParkingModal — interacciones llama a onOpenChange(false) al presionar 'Cancelar'","invocations":1,"location":null,"numPassingAsserts":1,"retryReasons":[],"startAt":1775313021770,"status":"passed","title":"llama a onOpenChange(false) al presionar 'Cancelar'"},{"ancestorTitles":["ConfirmParkingModal — interacciones"],"duration":2,"failing":false,"failureDetails":[],"failureMessages":[],"fullName":"ConfirmParkingModal — interacciones onConfirm y onOpenChange son independientes","invocations":1,"location":null,"numPassingAsserts":2,"retryReasons":[],"startAt":1775313021773,"status":"passed","title":"onConfirm y onOpenChange son independientes"}],"endTime":1775313021775,"message":"","name":"/Users/felipeeguia03/Desktop/parkit-mobile/__tests__/components/ConfirmParkingModal.test.tsx","startTime":1775313021393,"status":"passed","summary":""},{"assertionResults":[{"ancestorTitles":["CampusMap — render base"],"duration":17,"failing":false,"failureDetails":[],"failureMessages":[],"fullName":"CampusMap — render base renderiza sin crashear con zonas","invocations":1,"location":null,"numPassingAsserts":1,"retryReasons":[],"startAt":1775313021817,"status":"passed","title":"renderiza sin crashear con zonas"},{"ancestorTitles":["CampusMap — render base"],"duration":3,"failing":false,"failureDetails":[],"failureMessages":[],"fullName":"CampusMap — render base muestra el botón de recentrar","invocations":1,"location":null,"numPassingAsserts":1,"retryReasons":[],"startAt":1775313021834,"status":"passed","title":"muestra el botón de recentrar"},{"ancestorTitles":["CampusMap — render base"],"duration":3,"failing":false,"failureDetails":[],"failureMessages":[],"fullName":"CampusMap — render base muestra la leyenda global (Alta/Media/Lleno) cuando no hay zona enfocada","invocations":1,"location":null,"numPassingAsserts":3,"retryReasons":[],"startAt":1775313021837,"status":"passed","title":"muestra la leyenda global (Alta/Media/Lleno) cuando no hay zona enfocada"},{"ancestorTitles":["CampusMap — foco de zona via props"],"duration":38,"failing":false,"failureDetails":[],"failureMessages":[],"fullName":"CampusMap — foco de zona via props muestra el HUD con el nombre de la zona al recibir focusZoneId + focusTimestamp","invocations":1,"location":null,"numPassingAsserts":1,"retryReasons":[],"startAt":1775313021840,"status":"passed","title":"muestra el HUD con el nombre de la zona al recibir focusZoneId + focusTimestamp"},{"ancestorTitles":["CampusMap — foco de zona via props"],"duration":10,"failing":false,"failureDetails":[],"failureMessages":[],"fullName":"CampusMap — foco de zona via props muestra el conteo de disponibles/totales en el HUD","invocations":1,"location":null,"numPassingAsserts":1,"retryReasons":[],"startAt":1775313021878,"status":"passed","title":"muestra el conteo de disponibles/totales en el HUD"},{"ancestorTitles":["CampusMap — foco de zona via props"],"duration":5,"failing":false,"failureDetails":[],"failureMessages":[],"fullName":"CampusMap — foco de zona via props la leyenda global se oculta cuando hay zona enfocada","invocations":1,"location":null,"numPassingAsserts":3,"retryReasons":[],"startAt":1775313021888,"status":"passed","title":"la leyenda global se oculta cuando hay zona enfocada"}],"endTime":1775313021893,"message":"","name":"/Users/felipeeguia03/Desktop/parkit-mobile/__tests__/components/CampusMap.test.tsx","startTime":1775313021777,"status":"passed","summary":""},{"assertionResults":[{"ancestorTitles":["ReportSpotModal — guard de nulos"],"duration":1,"failing":false,"failureDetails":[],"failureMessages":[],"fullName":"ReportSpotModal — guard de nulos no renderiza nada si zone es null","invocations":1,"location":null,"numPassingAsserts":1,"retryReasons":[],"startAt":1775313021927,"status":"passed","title":"no renderiza nada si zone es null"},{"ancestorTitles":["ReportSpotModal — guard de nulos"],"duration":0,"failing":false,"failureDetails":[],"failureMessages":[],"fullName":"ReportSpotModal — guard de nulos no renderiza nada si spot es null","invocations":1,"location":null,"numPassingAsserts":1,"retryReasons":[],"startAt":1775313021928,"status":"passed","title":"no renderiza nada si spot es null"},{"ancestorTitles":["ReportSpotModal — contenido"],"duration":26,"failing":false,"failureDetails":[],"failureMessages":[],"fullName":"ReportSpotModal — contenido muestra el ID del spot","invocations":1,"location":null,"numPassingAsserts":1,"retryReasons":[],"startAt":1775313021929,"status":"passed","title":"muestra el ID del spot"},{"ancestorTitles":["ReportSpotModal — contenido"],"duration":2,"failing":false,"failureDetails":[],"failureMessages":[],"fullName":"ReportSpotModal — contenido muestra el nombre de la zona","invocations":1,"location":null,"numPassingAsserts":1,"retryReasons":[],"startAt":1775313021955,"status":"passed","title":"muestra el nombre de la zona"},{"ancestorTitles":["ReportSpotModal — interacciones"],"duration":2,"failing":false,"failureDetails":[],"failureMessages":[],"fullName":"ReportSpotModal — interacciones llama a onConfirm al presionar 'Reportar como ocupado'","invocations":1,"location":null,"numPassingAsserts":1,"retryReasons":[],"startAt":1775313021957,"status":"passed","title":"llama a onConfirm al presionar 'Reportar como ocupado'"},{"ancestorTitles":["ReportSpotModal — interacciones"],"duration":2,"failing":false,"failureDetails":[],"failureMessages":[],"fullName":"ReportSpotModal — interacciones llama a onOpenChange(false) al presionar 'Cancelar'","invocations":1,"location":null,"numPassingAsserts":1,"retryReasons":[],"startAt":1775313021959,"status":"passed","title":"llama a onOpenChange(false) al presionar 'Cancelar'"}],"endTime":1775313021961,"message":"","name":"/Users/felipeeguia03/Desktop/parkit-mobile/__tests__/components/ReportSpotModal.test.tsx","startTime":1775313021895,"status":"passed","summary":""},{"assertionResults":[{"ancestorTitles":["useParkingState — Realtime (Fase 2b)"],"duration":12,"failing":false,"failureDetails":[],"failureMessages":[],"fullName":"useParkingState — Realtime (Fase 2b) Realtime actualiza el status de un spot en zones","invocations":1,"location":null,"numPassingAsserts":2,"retryReasons":[],"startAt":1775313022028,"status":"passed","title":"Realtime actualiza el status de un spot en zones"},{"ancestorTitles":["useParkingState — Realtime (Fase 2b)"],"duration":1,"failing":false,"failureDetails":[],"failureMessages":[],"fullName":"useParkingState — Realtime (Fase 2b) Realtime no modifica zonas que no contienen el spot","invocations":1,"location":null,"numPassingAsserts":1,"retryReasons":[],"startAt":1775313022040,"status":"passed","title":"Realtime no modifica zonas que no contienen el spot"},{"ancestorTitles":["useParkingState — Realtime (Fase 2b)"],"duration":1,"failing":false,"failureDetails":[],"failureMessages":[],"fullName":"useParkingState — Realtime (Fase 2b) deduplication: eco del propio optimistic → no vuelve a aplicar","invocations":1,"location":null,"numPassingAsserts":2,"retryReasons":[],"startAt":1775313022042,"status":"passed","title":"deduplication: eco del propio optimistic → no vuelve a aplicar"},{"ancestorTitles":["useParkingState — Realtime (Fase 2b)"],"duration":1,"failing":false,"failureDetails":[],"failureMessages":[],"fullName":"useParkingState — Realtime (Fase 2b) deduplication: Realtime con status diferente → sí aplica corrección del servidor","invocations":1,"location":null,"numPassingAsserts":1,"retryReasons":[],"startAt":1775313022043,"status":"passed","title":"deduplication: Realtime con status diferente → sí aplica corrección del servidor"},{"ancestorTitles":["useParkingState — Realtime (Fase 2b)"],"duration":1,"failing":false,"failureDetails":[],"failureMessages":[],"fullName":"useParkingState — Realtime (Fase 2b) Realtime desconocido (no en pendingOptimistic) → aplica directamente","invocations":1,"location":null,"numPassingAsserts":1,"retryReasons":[],"startAt":1775313022044,"status":"passed","title":"Realtime desconocido (no en pendingOptimistic) → aplica directamente"}],"endTime":1775313022045,"message":"","name":"/Users/felipeeguia03/Desktop/parkit-mobile/__tests__/hooks/useParkingState-realtime.test.tsx","startTime":1775313021963,"status":"passed","summary":""},{"assertionResults":[{"ancestorTitles":["MyParkingCard — contenido"],"duration":27,"failing":false,"failureDetails":[],"failureMessages":[],"fullName":"MyParkingCard — contenido muestra el ID del spot","invocations":1,"location":null,"numPassingAsserts":1,"retryReasons":[],"startAt":1775313022083,"status":"passed","title":"muestra el ID del spot"},{"ancestorTitles":["MyParkingCard — contenido"],"duration":2,"failing":false,"failureDetails":[],"failureMessages":[],"fullName":"MyParkingCard — contenido muestra el nombre de la zona","invocations":1,"location":null,"numPassingAsserts":1,"retryReasons":[],"startAt":1775313022110,"status":"passed","title":"muestra el nombre de la zona"},{"ancestorTitles":["MyParkingCard — contenido"],"duration":7,"failing":false,"failureDetails":[],"failureMessages":[],"fullName":"MyParkingCard — contenido muestra la hora de inicio con el prefijo 'Desde las'","invocations":1,"location":null,"numPassingAsserts":1,"retryReasons":[],"startAt":1775313022112,"status":"passed","title":"muestra la hora de inicio con el prefijo 'Desde las'"},{"ancestorTitles":["MyParkingCard — interacciones"],"duration":2,"failing":false,"failureDetails":[],"failureMessages":[],"fullName":"MyParkingCard — interacciones llama a onLeave al presionar 'Liberar lugar'","invocations":1,"location":null,"numPassingAsserts":1,"retryReasons":[],"startAt":1775313022119,"status":"passed","title":"llama a onLeave al presionar 'Liberar lugar'"},{"ancestorTitles":["MyParkingCard — interacciones"],"duration":3,"failing":false,"failureDetails":[],"failureMessages":[],"fullName":"MyParkingCard — interacciones navega al mapa con focusZoneId correcto al presionar 'Ver en mapa'","invocations":1,"location":null,"numPassingAsserts":1,"retryReasons":[],"startAt":1775313022121,"status":"passed","title":"navega al mapa con focusZoneId correcto al presionar 'Ver en mapa'"}],"endTime":1775313022124,"message":"","name":"/Users/felipeeguia03/Desktop/parkit-mobile/__tests__/components/MyParkingCard.test.tsx","startTime":1775313022047,"status":"passed","summary":""},{"assertionResults":[{"ancestorTitles":["useParkingState — availableSpots"],"duration":1,"failing":false,"failureDetails":[],"failureMessages":[],"fullName":"useParkingState — availableSpots devuelve todos los spots disponibles de todas las zonas","invocations":1,"location":null,"numPassingAsserts":1,"retryReasons":[],"startAt":1775313022157,"status":"passed","title":"devuelve todos los spots disponibles de todas las zonas"},{"ancestorTitles":["useParkingState — availableSpots"],"duration":0,"failing":false,"failureDetails":[],"failureMessages":[],"fullName":"useParkingState — availableSpots no incluye spots occupied ni reported","invocations":1,"location":null,"numPassingAsserts":2,"retryReasons":[],"startAt":1775313022159,"status":"passed","title":"no incluye spots occupied ni reported"},{"ancestorTitles":["useParkingState — availableSpots"],"duration":1,"failing":false,"failureDetails":[],"failureMessages":[],"fullName":"useParkingState — availableSpots filtra por zoneFilter cuando se establece","invocations":1,"location":null,"numPassingAsserts":2,"retryReasons":[],"startAt":1775313022159,"status":"passed","title":"filtra por zoneFilter cuando se establece"},{"ancestorTitles":["useParkingState — availableSpots"],"duration":0,"failing":false,"failureDetails":[],"failureMessages":[],"fullName":"useParkingState — availableSpots sin filtro, devuelve spots de todas las zonas","invocations":1,"location":null,"numPassingAsserts":1,"retryReasons":[],"startAt":1775313022160,"status":"passed","title":"sin filtro, devuelve spots de todas las zonas"},{"ancestorTitles":["useParkingState — carrusel de spots"],"duration":1,"failing":false,"failureDetails":[],"failureMessages":[],"fullName":"useParkingState — carrusel de spots currentAvailableSpot empieza en índice 0","invocations":1,"location":null,"numPassingAsserts":1,"retryReasons":[],"startAt":1775313022160,"status":"passed","title":"currentAvailableSpot empieza en índice 0"},{"ancestorTitles":["useParkingState — carrusel de spots"],"duration":0,"failing":false,"failureDetails":[],"failureMessages":[],"fullName":"useParkingState — carrusel de spots handleNextSpot avanza el carrusel","invocations":1,"location":null,"numPassingAsserts":1,"retryReasons":[],"startAt":1775313022161,"status":"passed","title":"handleNextSpot avanza el carrusel"},{"ancestorTitles":["useParkingState — carrusel de spots"],"duration":1,"failing":false,"failureDetails":[],"failureMessages":[],"fullName":"useParkingState — carrusel de spots handleNextSpot hace wrap-around al principio","invocations":1,"location":null,"numPassingAsserts":1,"retryReasons":[],"startAt":1775313022161,"status":"passed","title":"handleNextSpot hace wrap-around al principio"},{"ancestorTitles":["useParkingState — carrusel de spots"],"duration":0,"failing":false,"failureDetails":[],"failureMessages":[],"fullName":"useParkingState — carrusel de spots handlePrevSpot retrocede el carrusel con wrap-around","invocations":1,"location":null,"numPassingAsserts":1,"retryReasons":[],"startAt":1775313022162,"status":"passed","title":"handlePrevSpot retrocede el carrusel con wrap-around"},{"ancestorTitles":["useParkingState — carrusel de spots"],"duration":1,"failing":false,"failureDetails":[],"failureMessages":[],"fullName":"useParkingState — carrusel de spots handleZoneFilterChange resetea el índice a 0","invocations":1,"location":null,"numPassingAsserts":1,"retryReasons":[],"startAt":1775313022162,"status":"passed","title":"handleZoneFilterChange resetea el índice a 0"},{"ancestorTitles":["useParkingState — carrusel de spots"],"duration":1,"failing":false,"failureDetails":[],"failureMessages":[],"fullName":"useParkingState — carrusel de spots currentAvailableSpot es null si no hay spots disponibles","invocations":1,"location":null,"numPassingAsserts":1,"retryReasons":[],"startAt":1775313022163,"status":"passed","title":"currentAvailableSpot es null si no hay spots disponibles"},{"ancestorTitles":["useParkingState — handleQuickSelect"],"duration":0,"failing":false,"failureDetails":[],"failureMessages":[],"fullName":"useParkingState — handleQuickSelect abre modal de confirmación con el spot actual del carrusel","invocations":1,"location":null,"numPassingAsserts":2,"retryReasons":[],"startAt":1775313022164,"status":"passed","title":"abre modal de confirmación con el spot actual del carrusel"},{"ancestorTitles":["useParkingState — handleQuickSelect"],"duration":1,"failing":false,"failureDetails":[],"failureMessages":[],"fullName":"useParkingState — handleQuickSelect no hace nada si no hay spots disponibles","invocations":1,"location":null,"numPassingAsserts":1,"retryReasons":[],"startAt":1775313022164,"status":"passed","title":"no hace nada si no hay spots disponibles"},{"ancestorTitles":["useParkingState — handleQuickSelect"],"duration":5,"failing":false,"failureDetails":[],"failureMessages":[],"fullName":"useParkingState — handleQuickSelect bloquea si el usuario ya tiene parking activo (doble ocupación)","invocations":1,"location":null,"numPassingAsserts":2,"retryReasons":[],"startAt":1775313022165,"status":"passed","title":"bloquea si el usuario ya tiene parking activo (doble ocupación)"}],"endTime":1775313022170,"message":"","name":"/Users/felipeeguia03/Desktop/parkit-mobile/__tests__/hooks/useParkingState-flow.test.tsx","startTime":1775313022125,"status":"passed","summary":""},{"assertionResults":[{"ancestorTitles":["useParkingState — estabilidad de handlers (Fase 2a)"],"duration":6,"failing":false,"failureDetails":[],"failureMessages":[],"fullName":"useParkingState — estabilidad de handlers (Fase 2a) handleSpotSelect mantiene referencia tras setZones","invocations":1,"location":null,"numPassingAsserts":1,"retryReasons":[],"startAt":1775313022204,"status":"passed","title":"handleSpotSelect mantiene referencia tras setZones"},{"ancestorTitles":["useParkingState — estabilidad de handlers (Fase 2a)"],"duration":0,"failing":false,"failureDetails":[],"failureMessages":[],"fullName":"useParkingState — estabilidad de handlers (Fase 2a) handleReportSpot mantiene referencia tras setZones","invocations":1,"location":null,"numPassingAsserts":1,"retryReasons":[],"startAt":1775313022210,"status":"passed","title":"handleReportSpot mantiene referencia tras setZones"},{"ancestorTitles":["useParkingState — estabilidad de handlers (Fase 2a)"],"duration":1,"failing":false,"failureDetails":[],"failureMessages":[],"fullName":"useParkingState — estabilidad de handlers (Fase 2a) handleConfirmParking mantiene referencia tras setZones","invocations":1,"location":null,"numPassingAsserts":1,"retryReasons":[],"startAt":1775313022210,"status":"passed","title":"handleConfirmParking mantiene referencia tras setZones"},{"ancestorTitles":["useParkingState — estabilidad de handlers (Fase 2a)"],"duration":0,"failing":false,"failureDetails":[],"failureMessages":[],"fullName":"useParkingState — estabilidad de handlers (Fase 2a) handleLeaveParking mantiene referencia tras setZones","invocations":1,"location":null,"numPassingAsserts":1,"retryReasons":[],"startAt":1775313022211,"status":"passed","title":"handleLeaveParking mantiene referencia tras setZones"},{"ancestorTitles":["useParkingState — estabilidad de handlers (Fase 2a)"],"duration":1,"failing":false,"failureDetails":[],"failureMessages":[],"fullName":"useParkingState — estabilidad de handlers (Fase 2a) handleReportConfirm mantiene referencia tras setZones","invocations":1,"location":null,"numPassingAsserts":1,"retryReasons":[],"startAt":1775313022211,"status":"passed","title":"handleReportConfirm mantiene referencia tras setZones"},{"ancestorTitles":["useParkingState — estabilidad de handlers (Fase 2a)"],"duration":1,"failing":false,"failureDetails":[],"failureMessages":[],"fullName":"useParkingState — estabilidad de handlers (Fase 2a) handlers estables a través de 10 setZones consecutivos","invocations":1,"location":null,"numPassingAsserts":4,"retryReasons":[],"startAt":1775313022212,"status":"passed","title":"handlers estables a través de 10 setZones consecutivos"},{"ancestorTitles":["useParkingState — lógica de selección"],"duration":0,"failing":false,"failureDetails":[],"failureMessages":[],"fullName":"useParkingState — lógica de selección handleSpotSelect con spot 'available' → abre confirmModal","invocations":1,"location":null,"numPassingAsserts":3,"retryReasons":[],"startAt":1775313022213,"status":"passed","title":"handleSpotSelect con spot 'available' → abre confirmModal"},{"ancestorTitles":["useParkingState — lógica de selección"],"duration":1,"failing":false,"failureDetails":[],"failureMessages":[],"fullName":"useParkingState — lógica de selección handleSpotSelect con spot 'occupied' → no abre modal","invocations":1,"location":null,"numPassingAsserts":1,"retryReasons":[],"startAt":1775313022213,"status":"passed","title":"handleSpotSelect con spot 'occupied' → no abre modal"},{"ancestorTitles":["useParkingState — lógica de selección"],"duration":0,"failing":false,"failureDetails":[],"failureMessages":[],"fullName":"useParkingState — lógica de selección handleReportSpot con spot 'occupied' → abre reportModal","invocations":1,"location":null,"numPassingAsserts":1,"retryReasons":[],"startAt":1775313022214,"status":"passed","title":"handleReportSpot con spot 'occupied' → abre reportModal"},{"ancestorTitles":["useParkingState — lógica de selección"],"duration":1,"failing":false,"failureDetails":[],"failureMessages":[],"fullName":"useParkingState — lógica de selección handleReportSpot con spot 'available' → no abre modal","invocations":1,"location":null,"numPassingAsserts":1,"retryReasons":[],"startAt":1775313022214,"status":"passed","title":"handleReportSpot con spot 'available' → no abre modal"},{"ancestorTitles":["useParkingState — flujo claim/release"],"duration":0,"failing":false,"failureDetails":[],"failureMessages":[],"fullName":"useParkingState — flujo claim/release handleConfirmParking → userParking se setea con zona y spot correctos","invocations":1,"location":null,"numPassingAsserts":3,"retryReasons":[],"startAt":1775313022215,"status":"passed","title":"handleConfirmParking → userParking se setea con zona y spot correctos"},{"ancestorTitles":["useParkingState — flujo claim/release"],"duration":1,"failing":false,"failureDetails":[],"failureMessages":[],"fullName":"useParkingState — flujo claim/release handleConfirmParking → spot pasa a 'occupied' en zones","invocations":1,"location":null,"numPassingAsserts":1,"retryReasons":[],"startAt":1775313022215,"status":"passed","title":"handleConfirmParking → spot pasa a 'occupied' en zones"},{"ancestorTitles":["useParkingState — flujo claim/release"],"duration":0,"failing":false,"failureDetails":[],"failureMessages":[],"fullName":"useParkingState — flujo claim/release handleConfirmParking → cierra el modal","invocations":1,"location":null,"numPassingAsserts":2,"retryReasons":[],"startAt":1775313022216,"status":"passed","title":"handleConfirmParking → cierra el modal"},{"ancestorTitles":["useParkingState — flujo claim/release"],"duration":0,"failing":false,"failureDetails":[],"failureMessages":[],"fullName":"useParkingState — flujo claim/release handleLeaveParking → userParking vuelve a null","invocations":1,"location":null,"numPassingAsserts":2,"retryReasons":[],"startAt":1775313022217,"status":"passed","title":"handleLeaveParking → userParking vuelve a null"},{"ancestorTitles":["useParkingState — flujo claim/release"],"duration":1,"failing":false,"failureDetails":[],"failureMessages":[],"fullName":"useParkingState — flujo claim/release handleLeaveParking → spot vuelve a 'available'","invocations":1,"location":null,"numPassingAsserts":1,"retryReasons":[],"startAt":1775313022217,"status":"passed","title":"handleLeaveParking → spot vuelve a 'available'"}],"endTime":1775313022218,"message":"","name":"/Users/felipeeguia03/Desktop/parkit-mobile/__tests__/hooks/useParkingState-stability.test.tsx","startTime":1775313022172,"status":"passed","summary":""},{"assertionResults":[{"ancestorTitles":["zoneLayerComparator"],"duration":0,"failing":false,"failureDetails":[],"failureMessages":[],"fullName":"zoneLayerComparator mismas props → true (no re-renderizar)","invocations":1,"location":null,"numPassingAsserts":1,"retryReasons":[],"startAt":1775313022233,"status":"passed","title":"mismas props → true (no re-renderizar)"},{"ancestorTitles":["zoneLayerComparator"],"duration":1,"failing":false,"failureDetails":[],"failureMessages":[],"fullName":"zoneLayerComparator nuevo array de zones con mismos statuses → true","invocations":1,"location":null,"numPassingAsserts":1,"retryReasons":[],"startAt":1775313022233,"status":"passed","title":"nuevo array de zones con mismos statuses → true"},{"ancestorTitles":["zoneLayerComparator"],"duration":0,"failing":false,"failureDetails":[],"failureMessages":[],"fullName":"zoneLayerComparator spot pasa de 'occupied' a 'reported' → true (available no cambia)","invocations":1,"location":null,"numPassingAsserts":1,"retryReasons":[],"startAt":1775313022234,"status":"passed","title":"spot pasa de 'occupied' a 'reported' → true (available no cambia)"},{"ancestorTitles":["zoneLayerComparator"],"duration":0,"failing":false,"failureDetails":[],"failureMessages":[],"fullName":"zoneLayerComparator spot pasa de 'available' a 'occupied' → false (conteo disponibles cambia)","invocations":1,"location":null,"numPassingAsserts":1,"retryReasons":[],"startAt":1775313022234,"status":"passed","title":"spot pasa de 'available' a 'occupied' → false (conteo disponibles cambia)"},{"ancestorTitles":["zoneLayerComparator"],"duration":0,"failing":false,"failureDetails":[],"failureMessages":[],"fullName":"zoneLayerComparator focusedZoneId cambia de null a 'A' → false","invocations":1,"location":null,"numPassingAsserts":1,"retryReasons":[],"startAt":1775313022234,"status":"passed","title":"focusedZoneId cambia de null a 'A' → false"},{"ancestorTitles":["zoneLayerComparator"],"duration":0,"failing":false,"failureDetails":[],"failureMessages":[],"fullName":"zoneLayerComparator focusedZoneId cambia de 'A' a 'B' → false","invocations":1,"location":null,"numPassingAsserts":1,"retryReasons":[],"startAt":1775313022234,"status":"passed","title":"focusedZoneId cambia de 'A' a 'B' → false"},{"ancestorTitles":["zoneLayerComparator"],"duration":0,"failing":false,"failureDetails":[],"failureMessages":[],"fullName":"zoneLayerComparator cantidad de zonas cambia → false","invocations":1,"location":null,"numPassingAsserts":1,"retryReasons":[],"startAt":1775313022234,"status":"passed","title":"cantidad de zonas cambia → false"},{"ancestorTitles":["spotsLayerComparator"],"duration":0,"failing":false,"failureDetails":[],"failureMessages":[],"fullName":"spotsLayerComparator mismas props → true","invocations":1,"location":null,"numPassingAsserts":1,"retryReasons":[],"startAt":1775313022234,"status":"passed","title":"mismas props → true"},{"ancestorTitles":["spotsLayerComparator"],"duration":0,"failing":false,"failureDetails":[],"failureMessages":[],"fullName":"spotsLayerComparator nueva referencia de zone con mismos statuses → true","invocations":1,"location":null,"numPassingAsserts":1,"retryReasons":[],"startAt":1775313022234,"status":"passed","title":"nueva referencia de zone con mismos statuses → true"},{"ancestorTitles":["spotsLayerComparator"],"duration":0,"failing":false,"failureDetails":[],"failureMessages":[],"fullName":"spotsLayerComparator un spot cambia status → false (para pasar props nuevos a SpotPolygon hijos)","invocations":1,"location":null,"numPassingAsserts":1,"retryReasons":[],"startAt":1775313022234,"status":"passed","title":"un spot cambia status → false (para pasar props nuevos a SpotPolygon hijos)"},{"ancestorTitles":["spotsLayerComparator"],"duration":0,"failing":false,"failureDetails":[],"failureMessages":[],"fullName":"spotsLayerComparator renderCount sube (RAF batch) → false","invocations":1,"location":null,"numPassingAsserts":1,"retryReasons":[],"startAt":1775313022234,"status":"passed","title":"renderCount sube (RAF batch) → false"},{"ancestorTitles":["spotsLayerComparator"],"duration":0,"failing":false,"failureDetails":[],"failureMessages":[],"fullName":"spotsLayerComparator renderCount baja a 0 (reset por cambio de zona) → false","invocations":1,"location":null,"numPassingAsserts":1,"retryReasons":[],"startAt":1775313022234,"status":"passed","title":"renderCount baja a 0 (reset por cambio de zona) → false"},{"ancestorTitles":["spotsLayerComparator"],"duration":0,"failing":false,"failureDetails":[],"failureMessages":[],"fullName":"spotsLayerComparator showNumbers cambia → false","invocations":1,"location":null,"numPassingAsserts":1,"retryReasons":[],"startAt":1775313022234,"status":"passed","title":"showNumbers cambia → false"},{"ancestorTitles":["spotsLayerComparator"],"duration":0,"failing":false,"failureDetails":[],"failureMessages":[],"fullName":"spotsLayerComparator zone.id cambia (cambio de zona) → false","invocations":1,"location":null,"numPassingAsserts":1,"retryReasons":[],"startAt":1775313022234,"status":"passed","title":"zone.id cambia (cambio de zona) → false"},{"ancestorTitles":["spotsLayerComparator"],"duration":1,"failing":false,"failureDetails":[],"failureMessages":[],"fullName":"spotsLayerComparator spots.length cambia → false","invocations":1,"location":null,"numPassingAsserts":1,"retryReasons":[],"startAt":1775313022234,"status":"passed","title":"spots.length cambia → false"},{"ancestorTitles":["spotPolygonComparator"],"duration":0,"failing":false,"failureDetails":[],"failureMessages":[],"fullName":"spotPolygonComparator mismas props → true (no re-renderizar)","invocations":1,"location":null,"numPassingAsserts":1,"retryReasons":[],"startAt":1775313022235,"status":"passed","title":"mismas props → true (no re-renderizar)"},{"ancestorTitles":["spotPolygonComparator"],"duration":0,"failing":false,"failureDetails":[],"failureMessages":[],"fullName":"spotPolygonComparator mismo status, nueva referencia de spot → true","invocations":1,"location":null,"numPassingAsserts":1,"retryReasons":[],"startAt":1775313022235,"status":"passed","title":"mismo status, nueva referencia de spot → true"},{"ancestorTitles":["spotPolygonComparator"],"duration":0,"failing":false,"failureDetails":[],"failureMessages":[],"fullName":"spotPolygonComparator status cambia de 'occupied' a 'available' → false","invocations":1,"location":null,"numPassingAsserts":1,"retryReasons":[],"startAt":1775313022235,"status":"passed","title":"status cambia de 'occupied' a 'available' → false"},{"ancestorTitles":["spotPolygonComparator"],"duration":0,"failing":false,"failureDetails":[],"failureMessages":[],"fullName":"spotPolygonComparator status cambia de 'available' a 'reported' → false","invocations":1,"location":null,"numPassingAsserts":1,"retryReasons":[],"startAt":1775313022235,"status":"passed","title":"status cambia de 'available' a 'reported' → false"},{"ancestorTitles":["spotPolygonComparator"],"duration":0,"failing":false,"failureDetails":[],"failureMessages":[],"fullName":"spotPolygonComparator showNumbers cambia → false","invocations":1,"location":null,"numPassingAsserts":1,"retryReasons":[],"startAt":1775313022235,"status":"passed","title":"showNumbers cambia → false"},{"ancestorTitles":["spotPolygonComparator"],"duration":0,"failing":false,"failureDetails":[],"failureMessages":[],"fullName":"spotPolygonComparator onPress cambia de referencia → true (no afecta: deps vacíos garantizan estabilidad)","invocations":1,"location":null,"numPassingAsserts":1,"retryReasons":[],"startAt":1775313022235,"status":"passed","title":"onPress cambia de referencia → true (no afecta: deps vacíos garantizan estabilidad)"},{"ancestorTitles":["spotPolygonComparator"],"duration":0,"failing":false,"failureDetails":[],"failureMessages":[],"fullName":"spotPolygonComparator zone o idx cambian → true (geometría estática calculada con useMemo([]))","invocations":1,"location":null,"numPassingAsserts":1,"retryReasons":[],"startAt":1775313022235,"status":"passed","title":"zone o idx cambian → true (geometría estática calculada con useMemo([]))"}],"endTime":1775313022235,"message":"","name":"/Users/felipeeguia03/Desktop/parkit-mobile/__tests__/lib/memo-comparators.test.ts","startTime":1775313022220,"status":"passed","summary":""},{"assertionResults":[{"ancestorTitles":["deduplicación optimistic + Realtime (Fase 2b)"],"duration":1,"failing":false,"failureDetails":[],"failureMessages":[],"fullName":"deduplicación optimistic + Realtime (Fase 2b) Realtime con mismo status que optimistic → update ignorado","invocations":1,"location":null,"numPassingAsserts":1,"retryReasons":[],"startAt":1775313022246,"status":"passed","title":"Realtime con mismo status que optimistic → update ignorado"},{"ancestorTitles":["deduplicación optimistic + Realtime (Fase 2b)"],"duration":0,"failing":false,"failureDetails":[],"failureMessages":[],"fullName":"deduplicación optimistic + Realtime (Fase 2b) Realtime con mismo status → limpia el pendingOptimistic","invocations":1,"location":null,"numPassingAsserts":1,"retryReasons":[],"startAt":1775313022247,"status":"passed","title":"Realtime con mismo status → limpia el pendingOptimistic"},{"ancestorTitles":["deduplicación optimistic + Realtime (Fase 2b)"],"duration":0,"failing":false,"failureDetails":[],"failureMessages":[],"fullName":"deduplicación optimistic + Realtime (Fase 2b) Realtime con status distinto → update aplicado (servidor corrigió)","invocations":1,"location":null,"numPassingAsserts":1,"retryReasons":[],"startAt":1775313022247,"status":"passed","title":"Realtime con status distinto → update aplicado (servidor corrigió)"},{"ancestorTitles":["deduplicación optimistic + Realtime (Fase 2b)"],"duration":0,"failing":false,"failureDetails":[],"failureMessages":[],"fullName":"deduplicación optimistic + Realtime (Fase 2b) Realtime sin optimistic pendiente → update aplicado normalmente","invocations":1,"location":null,"numPassingAsserts":1,"retryReasons":[],"startAt":1775313022247,"status":"passed","title":"Realtime sin optimistic pendiente → update aplicado normalmente"},{"ancestorTitles":["deduplicación optimistic + Realtime (Fase 2b)"],"duration":0,"failing":false,"failureDetails":[],"failureMessages":[],"fullName":"deduplicación optimistic + Realtime (Fase 2b) dos spots en vuelo simultáneo → cada uno deduplica independientemente","invocations":1,"location":null,"numPassingAsserts":2,"retryReasons":[],"startAt":1775313022247,"status":"passed","title":"dos spots en vuelo simultáneo → cada uno deduplica independientemente"},{"ancestorTitles":["deduplicación optimistic + Realtime (Fase 2b)"],"duration":0,"failing":false,"failureDetails":[],"failureMessages":[],"fullName":"deduplicación optimistic + Realtime (Fase 2b) Realtime de spot distinto no limpia el pending de otro spot","invocations":1,"location":null,"numPassingAsserts":2,"retryReasons":[],"startAt":1775313022247,"status":"passed","title":"Realtime de spot distinto no limpia el pending de otro spot"},{"ancestorTitles":["deduplicación optimistic + Realtime (Fase 2b)"],"duration":0,"failing":false,"failureDetails":[],"failureMessages":[],"fullName":"deduplicación optimistic + Realtime (Fase 2b) segundo Realtime del mismo spot (sin optimistic) → aplicado","invocations":1,"location":null,"numPassingAsserts":2,"retryReasons":[],"startAt":1775313022247,"status":"passed","title":"segundo Realtime del mismo spot (sin optimistic) → aplicado"}],"endTime":1775313022248,"message":"","name":"/Users/felipeeguia03/Desktop/parkit-mobile/__tests__/lib/deduplication.test.ts","startTime":1775313022237,"status":"passed","summary":""}],"wasInterrupted":false}
