{"numFailedTestSuites":0,"numFailedTests":0,"numPassedTestSuites":15,"numPassedTests":143,"numPendingTestSuites":0,"numPendingTests":0,"numRuntimeErrorTestSuites":0,"numTodoTests":0,"numTotalTestSuites":15,"numTotalTests":143,"openHandles":[],"snapshot":{"added":0,"didUpdate":false,"failure":false,"filesAdded":0,"filesRemoved":0,"filesRemovedList":[],"filesUnmatched":0,"filesUpdated":0,"matched":0,"total":0,"unchecked":0,"uncheckedKeysByFile":[],"unmatched":0,"updated":0},"startTime":1775317969726,"success":true,"testResults":[{"assertionResults":[{"ancestorTitles":["ConfirmParkingModal — guard de nulos"],"duration":7,"failing":false,"failureDetails":[],"failureMessages":[],"fullName":"ConfirmParkingModal — guard de nulos no renderiza nada si zone es null","invocations":1,"location":null,"numPassingAsserts":1,"retryReasons":[],"startAt":1775317970797,"status":"passed","title":"no renderiza nada si zone es null"},{"ancestorTitles":["ConfirmParkingModal — guard de nulos"],"duration":46,"failing":false,"failureDetails":[],"failureMessages":[],"fullName":"ConfirmParkingModal — guard de nulos no renderiza nada si spot es null","invocations":1,"location":null,"numPassingAsserts":1,"retryReasons":[],"startAt":1775317970804,"status":"passed","title":"no renderiza nada si spot es null"},{"ancestorTitles":["ConfirmParkingModal — contenido"],"duration":310,"failing":false,"failureDetails":[],"failureMessages":[],"fullName":"ConfirmParkingModal — contenido muestra el ID del spot en el hero","invocations":1,"location":null,"numPassingAsserts":1,"retryReasons":[],"startAt":1775317970850,"status":"passed","title":"muestra el ID del spot en el hero"},{"ancestorTitles":["ConfirmParkingModal — contenido"],"duration":4,"failing":false,"failureDetails":[],"failureMessages":[],"fullName":"ConfirmParkingModal — contenido muestra el nombre de la zona","invocations":1,"location":null,"numPassingAsserts":1,"retryReasons":[],"startAt":1775317971160,"status":"passed","title":"muestra el nombre de la zona"},{"ancestorTitles":["ConfirmParkingModal — contenido"],"duration":3,"failing":false,"failureDetails":[],"failureMessages":[],"fullName":"ConfirmParkingModal — contenido muestra zona e ID de lugar en la info card","invocations":1,"location":null,"numPassingAsserts":1,"retryReasons":[],"startAt":1775317971164,"status":"passed","title":"muestra zona e ID de lugar en la info card"},{"ancestorTitles":["ConfirmParkingModal — interacciones"],"duration":3,"failing":false,"failureDetails":[],"failureMessages":[],"fullName":"ConfirmParkingModal — interacciones llama a onConfirm al presionar 'Estacionar aquí'","invocations":1,"location":null,"numPassingAsserts":1,"retryReasons":[],"startAt":1775317971167,"status":"passed","title":"llama a onConfirm al presionar 'Estacionar aquí'"},{"ancestorTitles":["ConfirmParkingModal — interacciones"],"duration":6,"failing":false,"failureDetails":[],"failureMessages":[],"fullName":"ConfirmParkingModal — interacciones llama a onOpenChange(false) al presionar 'Cancelar'","invocations":1,"location":null,"numPassingAsserts":1,"retryReasons":[],"startAt":1775317971170,"status":"passed","title":"llama a onOpenChange(false) al presionar 'Cancelar'"},{"ancestorTitles":["ConfirmParkingModal — interacciones"],"duration":4,"failing":false,"failureDetails":[],"failureMessages":[],"fullName":"ConfirmParkingModal — interacciones onConfirm y onOpenChange son independientes","invocations":1,"location":null,"numPassingAsserts":2,"retryReasons":[],"startAt":1775317971176,"status":"passed","title":"onConfirm y onOpenChange son independientes"}],"endTime":1775317971181,"message":"","name":"/Users/felipeeguia03/Desktop/parkit-mobile/__tests__/components/ConfirmParkingModal.test.tsx","startTime":1775317970135,"status":"passed","summary":""},{"assertionResults":[{"ancestorTitles":["ReportSpotModal — guard de nulos"],"duration":12,"failing":false,"failureDetails":[],"failureMessages":[],"fullName":"ReportSpotModal — guard de nulos no renderiza nada si zone es null","invocations":1,"location":null,"numPassingAsserts":1,"retryReasons":[],"startAt":1775317970773,"status":"passed","title":"no renderiza nada si zone es null"},{"ancestorTitles":["ReportSpotModal — guard de nulos"],"duration":4,"failing":false,"failureDetails":[],"failureMessages":[],"fullName":"ReportSpotModal — guard de nulos no renderiza nada si spot es null","invocations":1,"location":null,"numPassingAsserts":1,"retryReasons":[],"startAt":1775317970786,"status":"passed","title":"no renderiza nada si spot es null"},{"ancestorTitles":["ReportSpotModal — contenido"],"duration":381,"failing":false,"failureDetails":[],"failureMessages":[],"fullName":"ReportSpotModal — contenido muestra el ID del spot","invocations":1,"location":null,"numPassingAsserts":1,"retryReasons":[],"startAt":1775317970790,"status":"passed","title":"muestra el ID del spot"},{"ancestorTitles":["ReportSpotModal — contenido"],"duration":4,"failing":false,"failureDetails":[],"failureMessages":[],"fullName":"ReportSpotModal — contenido muestra el nombre de la zona","invocations":1,"location":null,"numPassingAsserts":1,"retryReasons":[],"startAt":1775317971171,"status":"passed","title":"muestra el nombre de la zona"},{"ancestorTitles":["ReportSpotModal — interacciones"],"duration":4,"failing":false,"failureDetails":[],"failureMessages":[],"fullName":"ReportSpotModal — interacciones llama a onConfirm al presionar 'Reportar como ocupado'","invocations":1,"location":null,"numPassingAsserts":1,"retryReasons":[],"startAt":1775317971175,"status":"passed","title":"llama a onConfirm al presionar 'Reportar como ocupado'"},{"ancestorTitles":["ReportSpotModal — interacciones"],"duration":5,"failing":false,"failureDetails":[],"failureMessages":[],"fullName":"ReportSpotModal — interacciones llama a onOpenChange(false) al presionar 'Cancelar'","invocations":1,"location":null,"numPassingAsserts":1,"retryReasons":[],"startAt":1775317971179,"status":"passed","title":"llama a onOpenChange(false) al presionar 'Cancelar'"}],"endTime":1775317971185,"message":"","name":"/Users/felipeeguia03/Desktop/parkit-mobile/__tests__/components/ReportSpotModal.test.tsx","startTime":1775317970137,"status":"passed","summary":""},{"assertionResults":[{"ancestorTitles":["LoginScreen — renderizado"],"duration":223,"failing":false,"failureDetails":[],"failureMessages":[],"fullName":"LoginScreen — renderizado muestra el branding de la app","invocations":1,"location":null,"numPassingAsserts":2,"retryReasons":[],"startAt":1775317970767,"status":"passed","title":"muestra el branding de la app"},{"ancestorTitles":["LoginScreen — renderizado"],"duration":20,"failing":false,"failureDetails":[],"failureMessages":[],"fullName":"LoginScreen — renderizado muestra el formulario de login","invocations":1,"location":null,"numPassingAsserts":4,"retryReasons":[],"startAt":1775317970991,"status":"passed","title":"muestra el formulario de login"},{"ancestorTitles":["LoginScreen — interacciones"],"duration":15,"failing":false,"failureDetails":[],"failureMessages":[],"fullName":"LoginScreen — interacciones llama a login con el email y la contraseña ingresados","invocations":1,"location":null,"numPassingAsserts":1,"retryReasons":[],"startAt":1775317971012,"status":"passed","title":"llama a login con el email y la contraseña ingresados"},{"ancestorTitles":["LoginScreen — interacciones"],"duration":62,"failing":false,"failureDetails":[],"failureMessages":[],"fullName":"LoginScreen — interacciones navega a /(tabs) cuando el login es exitoso","invocations":1,"location":null,"numPassingAsserts":1,"retryReasons":[],"startAt":1775317971028,"status":"passed","title":"navega a /(tabs) cuando el login es exitoso"},{"ancestorTitles":["LoginScreen — interacciones"],"duration":121,"failing":false,"failureDetails":[],"failureMessages":[],"fullName":"LoginScreen — interacciones muestra el mensaje de error cuando login falla","invocations":1,"location":null,"numPassingAsserts":1,"retryReasons":[],"startAt":1775317971090,"status":"passed","title":"muestra el mensaje de error cuando login falla"},{"ancestorTitles":["LoginScreen — interacciones"],"duration":164,"failing":false,"failureDetails":[],"failureMessages":[],"fullName":"LoginScreen — interacciones el error se borra al modificar el email","invocations":1,"location":null,"numPassingAsserts":2,"retryReasons":[],"startAt":1775317971212,"status":"passed","title":"el error se borra al modificar el email"},{"ancestorTitles":["LoginScreen — estado de carga"],"duration":12,"failing":false,"failureDetails":[],"failureMessages":[],"fullName":"LoginScreen — estado de carga el botón está deshabilitado cuando loading=true","invocations":1,"location":null,"numPassingAsserts":1,"retryReasons":[],"startAt":1775317971376,"status":"passed","title":"el botón está deshabilitado cuando loading=true"}],"endTime":1775317971406,"message":"","name":"/Users/felipeeguia03/Desktop/parkit-mobile/__tests__/components/LoginScreen.test.tsx","startTime":1775317970134,"status":"passed","summary":""},{"assertionResults":[{"ancestorTitles":["CampusMap — render base"],"duration":32,"failing":false,"failureDetails":[],"failureMessages":[],"fullName":"CampusMap — render base renderiza sin crashear con zonas","invocations":1,"location":null,"numPassingAsserts":1,"retryReasons":[],"startAt":1775317971313,"status":"passed","title":"renderiza sin crashear con zonas"},{"ancestorTitles":["CampusMap — render base"],"duration":3,"failing":false,"failureDetails":[],"failureMessages":[],"fullName":"CampusMap — render base muestra el botón de recentrar","invocations":1,"location":null,"numPassingAsserts":1,"retryReasons":[],"startAt":1775317971345,"status":"passed","title":"muestra el botón de recentrar"},{"ancestorTitles":["CampusMap — render base"],"duration":5,"failing":false,"failureDetails":[],"failureMessages":[],"fullName":"CampusMap — render base muestra la leyenda global (Alta/Media/Lleno) cuando no hay zona enfocada","invocations":1,"location":null,"numPassingAsserts":3,"retryReasons":[],"startAt":1775317971348,"status":"passed","title":"muestra la leyenda global (Alta/Media/Lleno) cuando no hay zona enfocada"},{"ancestorTitles":["CampusMap — foco de zona via props"],"duration":104,"failing":false,"failureDetails":[],"failureMessages":[],"fullName":"CampusMap — foco de zona via props muestra el HUD con el nombre de la zona al recibir focusZoneId + focusTimestamp","invocations":1,"location":null,"numPassingAsserts":1,"retryReasons":[],"startAt":1775317971353,"status":"passed","title":"muestra el HUD con el nombre de la zona al recibir focusZoneId + focusTimestamp"},{"ancestorTitles":["CampusMap — foco de zona via props"],"duration":11,"failing":false,"failureDetails":[],"failureMessages":[],"fullName":"CampusMap — foco de zona via props muestra el conteo de disponibles/totales en el HUD","invocations":1,"location":null,"numPassingAsserts":1,"retryReasons":[],"startAt":1775317971457,"status":"passed","title":"muestra el conteo de disponibles/totales en el HUD"},{"ancestorTitles":["CampusMap — foco de zona via props"],"duration":61,"failing":false,"failureDetails":[],"failureMessages":[],"fullName":"CampusMap — foco de zona via props la leyenda global se oculta cuando hay zona enfocada","invocations":1,"location":null,"numPassingAsserts":3,"retryReasons":[],"startAt":1775317971468,"status":"passed","title":"la leyenda global se oculta cuando hay zona enfocada"}],"endTime":1775317971558,"message":"","name":"/Users/felipeeguia03/Desktop/parkit-mobile/__tests__/components/CampusMap.test.tsx","startTime":1775317971185,"status":"passed","summary":""},{"assertionResults":[{"ancestorTitles":["useAuth — fuera del provider"],"duration":43,"failing":false,"failureDetails":[],"failureMessages":[],"fullName":"useAuth — fuera del provider lanza error si se usa fuera de AuthProvider","invocations":1,"location":null,"numPassingAsserts":1,"retryReasons":[],"startAt":1775317971500,"status":"passed","title":"lanza error si se usa fuera de AuthProvider"},{"ancestorTitles":["AuthProvider — estado inicial"],"duration":1,"failing":false,"failureDetails":[],"failureMessages":[],"fullName":"AuthProvider — estado inicial empieza con loading=true mientras resuelve getSession","invocations":1,"location":null,"numPassingAsserts":3,"retryReasons":[],"startAt":1775317971543,"status":"passed","title":"empieza con loading=true mientras resuelve getSession"},{"ancestorTitles":["AuthProvider — estado inicial"],"duration":2,"failing":false,"failureDetails":[],"failureMessages":[],"fullName":"AuthProvider — estado inicial loading=false y user=null cuando no hay sesión","invocations":1,"location":null,"numPassingAsserts":2,"retryReasons":[],"startAt":1775317971544,"status":"passed","title":"loading=false y user=null cuando no hay sesión"},{"ancestorTitles":["AuthProvider — estado inicial"],"duration":0,"failing":false,"failureDetails":[],"failureMessages":[],"fullName":"AuthProvider — estado inicial carga el user cuando hay sesión persistida","invocations":1,"location":null,"numPassingAsserts":3,"retryReasons":[],"startAt":1775317971546,"status":"passed","title":"carga el user cuando hay sesión persistida"},{"ancestorTitles":["AuthProvider — mapUser"],"duration":0,"failing":false,"failureDetails":[],"failureMessages":[],"fullName":"AuthProvider — mapUser deriva el nombre del email si no hay metadata","invocations":1,"location":null,"numPassingAsserts":1,"retryReasons":[],"startAt":1775317971547,"status":"passed","title":"deriva el nombre del email si no hay metadata"},{"ancestorTitles":["AuthProvider — mapUser"],"duration":1,"failing":false,"failureDetails":[],"failureMessages":[],"fullName":"AuthProvider — mapUser usa metadata.name si está disponible","invocations":1,"location":null,"numPassingAsserts":1,"retryReasons":[],"startAt":1775317971547,"status":"passed","title":"usa metadata.name si está disponible"},{"ancestorTitles":["AuthProvider — mapUser"],"duration":1,"failing":false,"failureDetails":[],"failureMessages":[],"fullName":"AuthProvider — mapUser rol por defecto es 'user'","invocations":1,"location":null,"numPassingAsserts":1,"retryReasons":[],"startAt":1775317971548,"status":"passed","title":"rol por defecto es 'user'"},{"ancestorTitles":["AuthProvider — mapUser"],"duration":0,"failing":false,"failureDetails":[],"failureMessages":[],"fullName":"AuthProvider — mapUser usa metadata.role si está disponible","invocations":1,"location":null,"numPassingAsserts":1,"retryReasons":[],"startAt":1775317971549,"status":"passed","title":"usa metadata.role si está disponible"},{"ancestorTitles":["AuthProvider — login"],"duration":1,"failing":false,"failureDetails":[],"failureMessages":[],"fullName":"AuthProvider — login rechaza email sin dominio @ucc.edu.ar (no llama a Supabase)","invocations":1,"location":null,"numPassingAsserts":2,"retryReasons":[],"startAt":1775317971549,"status":"passed","title":"rechaza email sin dominio @ucc.edu.ar (no llama a Supabase)"},{"ancestorTitles":["AuthProvider — login"],"duration":1,"failing":false,"failureDetails":[],"failureMessages":[],"fullName":"AuthProvider — login rechaza contraseña vacía (no llama a Supabase)","invocations":1,"location":null,"numPassingAsserts":2,"retryReasons":[],"startAt":1775317971550,"status":"passed","title":"rechaza contraseña vacía (no llama a Supabase)"},{"ancestorTitles":["AuthProvider — login"],"duration":1,"failing":false,"failureDetails":[],"failureMessages":[],"fullName":"AuthProvider — login traduce 'Invalid login credentials' al español","invocations":1,"location":null,"numPassingAsserts":1,"retryReasons":[],"startAt":1775317971551,"status":"passed","title":"traduce 'Invalid login credentials' al español"},{"ancestorTitles":["AuthProvider — login"],"duration":11,"failing":false,"failureDetails":[],"failureMessages":[],"fullName":"AuthProvider — login devuelve error genérico para otros fallos de red","invocations":1,"location":null,"numPassingAsserts":1,"retryReasons":[],"startAt":1775317971552,"status":"passed","title":"devuelve error genérico para otros fallos de red"},{"ancestorTitles":["AuthProvider — login"],"duration":45,"failing":false,"failureDetails":[],"failureMessages":[],"fullName":"AuthProvider — login devuelve success:true cuando Supabase acepta las credenciales","invocations":1,"location":null,"numPassingAsserts":1,"retryReasons":[],"startAt":1775317971563,"status":"passed","title":"devuelve success:true cuando Supabase acepta las credenciales"},{"ancestorTitles":["AuthProvider — login"],"duration":1,"failing":false,"failureDetails":[],"failureMessages":[],"fullName":"AuthProvider — login normaliza el email (trim + lowercase) antes de enviarlo a Supabase","invocations":1,"location":null,"numPassingAsserts":1,"retryReasons":[],"startAt":1775317971608,"status":"passed","title":"normaliza el email (trim + lowercase) antes de enviarlo a Supabase"},{"ancestorTitles":["AuthProvider — logout"],"duration":1,"failing":false,"failureDetails":[],"failureMessages":[],"fullName":"AuthProvider — logout llama a supabase.auth.signOut","invocations":1,"location":null,"numPassingAsserts":1,"retryReasons":[],"startAt":1775317971609,"status":"passed","title":"llama a supabase.auth.signOut"},{"ancestorTitles":["AuthProvider — onAuthStateChange"],"duration":0,"failing":false,"failureDetails":[],"failureMessages":[],"fullName":"AuthProvider — onAuthStateChange actualiza el user cuando el listener dispara con nueva sesión","invocations":1,"location":null,"numPassingAsserts":1,"retryReasons":[],"startAt":1775317971610,"status":"passed","title":"actualiza el user cuando el listener dispara con nueva sesión"},{"ancestorTitles":["AuthProvider — onAuthStateChange"],"duration":2,"failing":false,"failureDetails":[],"failureMessages":[],"fullName":"AuthProvider — onAuthStateChange limpia el user cuando el listener dispara con session=null (logout externo)","invocations":1,"location":null,"numPassingAsserts":2,"retryReasons":[],"startAt":1775317971610,"status":"passed","title":"limpia el user cuando el listener dispara con session=null (logout externo)"}],"endTime":1775317971613,"message":"","name":"/Users/felipeeguia03/Desktop/parkit-mobile/__tests__/hooks/AuthContext.test.tsx","startTime":1775317971190,"status":"passed","summary":""},{"assertionResults":[{"ancestorTitles":["useParkingState — availableSpots"],"duration":2,"failing":false,"failureDetails":[],"failureMessages":[],"fullName":"useParkingState — availableSpots devuelve todos los spots disponibles de todas las zonas","invocations":1,"location":null,"numPassingAsserts":1,"retryReasons":[],"startAt":1775317971589,"status":"passed","title":"devuelve todos los spots disponibles de todas las zonas"},{"ancestorTitles":["useParkingState — availableSpots"],"duration":2,"failing":false,"failureDetails":[],"failureMessages":[],"fullName":"useParkingState — availableSpots no incluye spots occupied ni reported","invocations":1,"location":null,"numPassingAsserts":2,"retryReasons":[],"startAt":1775317971591,"status":"passed","title":"no incluye spots occupied ni reported"},{"ancestorTitles":["useParkingState — availableSpots"],"duration":2,"failing":false,"failureDetails":[],"failureMessages":[],"fullName":"useParkingState — availableSpots filtra por zoneFilter cuando se establece","invocations":1,"location":null,"numPassingAsserts":2,"retryReasons":[],"startAt":1775317971593,"status":"passed","title":"filtra por zoneFilter cuando se establece"},{"ancestorTitles":["useParkingState — availableSpots"],"duration":2,"failing":false,"failureDetails":[],"failureMessages":[],"fullName":"useParkingState — availableSpots sin filtro, devuelve spots de todas las zonas","invocations":1,"location":null,"numPassingAsserts":1,"retryReasons":[],"startAt":1775317971595,"status":"passed","title":"sin filtro, devuelve spots de todas las zonas"},{"ancestorTitles":["useParkingState — carrusel de spots"],"duration":1,"failing":false,"failureDetails":[],"failureMessages":[],"fullName":"useParkingState — carrusel de spots currentAvailableSpot empieza en índice 0","invocations":1,"location":null,"numPassingAsserts":1,"retryReasons":[],"startAt":1775317971597,"status":"passed","title":"currentAvailableSpot empieza en índice 0"},{"ancestorTitles":["useParkingState — carrusel de spots"],"duration":1,"failing":false,"failureDetails":[],"failureMessages":[],"fullName":"useParkingState — carrusel de spots handleNextSpot avanza el carrusel","invocations":1,"location":null,"numPassingAsserts":1,"retryReasons":[],"startAt":1775317971598,"status":"passed","title":"handleNextSpot avanza el carrusel"},{"ancestorTitles":["useParkingState — carrusel de spots"],"duration":1,"failing":false,"failureDetails":[],"failureMessages":[],"fullName":"useParkingState — carrusel de spots handleNextSpot hace wrap-around al principio","invocations":1,"location":null,"numPassingAsserts":1,"retryReasons":[],"startAt":1775317971600,"status":"passed","title":"handleNextSpot hace wrap-around al principio"},{"ancestorTitles":["useParkingState — carrusel de spots"],"duration":3,"failing":false,"failureDetails":[],"failureMessages":[],"fullName":"useParkingState — carrusel de spots handlePrevSpot retrocede el carrusel con wrap-around","invocations":1,"location":null,"numPassingAsserts":1,"retryReasons":[],"startAt":1775317971601,"status":"passed","title":"handlePrevSpot retrocede el carrusel con wrap-around"},{"ancestorTitles":["useParkingState — carrusel de spots"],"duration":2,"failing":false,"failureDetails":[],"failureMessages":[],"fullName":"useParkingState — carrusel de spots handleZoneFilterChange resetea el índice a 0","invocations":1,"location":null,"numPassingAsserts":1,"retryReasons":[],"startAt":1775317971604,"status":"passed","title":"handleZoneFilterChange resetea el índice a 0"},{"ancestorTitles":["useParkingState — carrusel de spots"],"duration":3,"failing":false,"failureDetails":[],"failureMessages":[],"fullName":"useParkingState — carrusel de spots currentAvailableSpot es null si no hay spots disponibles","invocations":1,"location":null,"numPassingAsserts":1,"retryReasons":[],"startAt":1775317971606,"status":"passed","title":"currentAvailableSpot es null si no hay spots disponibles"},{"ancestorTitles":["useParkingState — handleQuickSelect"],"duration":5,"failing":false,"failureDetails":[],"failureMessages":[],"fullName":"useParkingState — handleQuickSelect abre modal de confirmación con el spot actual del carrusel","invocations":1,"location":null,"numPassingAsserts":2,"retryReasons":[],"startAt":1775317971609,"status":"passed","title":"abre modal de confirmación con el spot actual del carrusel"},{"ancestorTitles":["useParkingState — handleQuickSelect"],"duration":2,"failing":false,"failureDetails":[],"failureMessages":[],"fullName":"useParkingState — handleQuickSelect no hace nada si no hay spots disponibles","invocations":1,"location":null,"numPassingAsserts":1,"retryReasons":[],"startAt":1775317971614,"status":"passed","title":"no hace nada si no hay spots disponibles"},{"ancestorTitles":["useParkingState — handleQuickSelect"],"duration":82,"failing":false,"failureDetails":[],"failureMessages":[],"fullName":"useParkingState — handleQuickSelect bloquea si el usuario ya tiene parking activo (doble ocupación)","invocations":1,"location":null,"numPassingAsserts":2,"retryReasons":[],"startAt":1775317971616,"status":"passed","title":"bloquea si el usuario ya tiene parking activo (doble ocupación)"}],"endTime":1775317971699,"message":"","name":"/Users/felipeeguia03/Desktop/parkit-mobile/__tests__/hooks/useParkingState-flow.test.tsx","startTime":1775317971411,"status":"passed","summary":""},{"assertionResults":[{"ancestorTitles":["useParkingState — Realtime (Fase 2b)"],"duration":24,"failing":false,"failureDetails":[],"failureMessages":[],"fullName":"useParkingState — Realtime (Fase 2b) Realtime actualiza el status de un spot en zones","invocations":1,"location":null,"numPassingAsserts":2,"retryReasons":[],"startAt":1775317971791,"status":"passed","title":"Realtime actualiza el status de un spot en zones"},{"ancestorTitles":["useParkingState — Realtime (Fase 2b)"],"duration":2,"failing":false,"failureDetails":[],"failureMessages":[],"fullName":"useParkingState — Realtime (Fase 2b) Realtime no modifica zonas que no contienen el spot","invocations":1,"location":null,"numPassingAsserts":1,"retryReasons":[],"startAt":1775317971816,"status":"passed","title":"Realtime no modifica zonas que no contienen el spot"},{"ancestorTitles":["useParkingState — Realtime (Fase 2b)"],"duration":1,"failing":false,"failureDetails":[],"failureMessages":[],"fullName":"useParkingState — Realtime (Fase 2b) deduplication: eco del propio optimistic → no vuelve a aplicar","invocations":1,"location":null,"numPassingAsserts":2,"retryReasons":[],"startAt":1775317971818,"status":"passed","title":"deduplication: eco del propio optimistic → no vuelve a aplicar"},{"ancestorTitles":["useParkingState — Realtime (Fase 2b)"],"duration":3,"failing":false,"failureDetails":[],"failureMessages":[],"fullName":"useParkingState — Realtime (Fase 2b) deduplication: Realtime con status diferente → sí aplica corrección del servidor","invocations":1,"location":null,"numPassingAsserts":1,"retryReasons":[],"startAt":1775317971819,"status":"passed","title":"deduplication: Realtime con status diferente → sí aplica corrección del servidor"},{"ancestorTitles":["useParkingState — Realtime (Fase 2b)"],"duration":2,"failing":false,"failureDetails":[],"failureMessages":[],"fullName":"useParkingState — Realtime (Fase 2b) Realtime desconocido (no en pendingOptimistic) → aplica directamente","invocations":1,"location":null,"numPassingAsserts":1,"retryReasons":[],"startAt":1775317971822,"status":"passed","title":"Realtime desconocido (no en pendingOptimistic) → aplica directamente"}],"endTime":1775317971824,"message":"","name":"/Users/felipeeguia03/Desktop/parkit-mobile/__tests__/hooks/useParkingState-realtime.test.tsx","startTime":1775317971722,"status":"passed","summary":""},{"assertionResults":[{"ancestorTitles":["useParkingState — estabilidad de handlers (Fase 2a)"],"duration":4,"failing":false,"failureDetails":[],"failureMessages":[],"fullName":"useParkingState — estabilidad de handlers (Fase 2a) handleSpotSelect mantiene referencia tras setZones","invocations":1,"location":null,"numPassingAsserts":1,"retryReasons":[],"startAt":1775317971781,"status":"passed","title":"handleSpotSelect mantiene referencia tras setZones"},{"ancestorTitles":["useParkingState — estabilidad de handlers (Fase 2a)"],"duration":3,"failing":false,"failureDetails":[],"failureMessages":[],"fullName":"useParkingState — estabilidad de handlers (Fase 2a) handleReportSpot mantiene referencia tras setZones","invocations":1,"location":null,"numPassingAsserts":1,"retryReasons":[],"startAt":1775317971785,"status":"passed","title":"handleReportSpot mantiene referencia tras setZones"},{"ancestorTitles":["useParkingState — estabilidad de handlers (Fase 2a)"],"duration":1,"failing":false,"failureDetails":[],"failureMessages":[],"fullName":"useParkingState — estabilidad de handlers (Fase 2a) handleConfirmParking mantiene referencia tras setZones","invocations":1,"location":null,"numPassingAsserts":1,"retryReasons":[],"startAt":1775317971788,"status":"passed","title":"handleConfirmParking mantiene referencia tras setZones"},{"ancestorTitles":["useParkingState — estabilidad de handlers (Fase 2a)"],"duration":3,"failing":false,"failureDetails":[],"failureMessages":[],"fullName":"useParkingState — estabilidad de handlers (Fase 2a) handleLeaveParking mantiene referencia tras setZones","invocations":1,"location":null,"numPassingAsserts":1,"retryReasons":[],"startAt":1775317971789,"status":"passed","title":"handleLeaveParking mantiene referencia tras setZones"},{"ancestorTitles":["useParkingState — estabilidad de handlers (Fase 2a)"],"duration":5,"failing":false,"failureDetails":[],"failureMessages":[],"fullName":"useParkingState — estabilidad de handlers (Fase 2a) handleReportConfirm mantiene referencia tras setZones","invocations":1,"location":null,"numPassingAsserts":1,"retryReasons":[],"startAt":1775317971792,"status":"passed","title":"handleReportConfirm mantiene referencia tras setZones"},{"ancestorTitles":["useParkingState — estabilidad de handlers (Fase 2a)"],"duration":4,"failing":false,"failureDetails":[],"failureMessages":[],"fullName":"useParkingState — estabilidad de handlers (Fase 2a) handlers estables a través de 10 setZones consecutivos","invocations":1,"location":null,"numPassingAsserts":4,"retryReasons":[],"startAt":1775317971797,"status":"passed","title":"handlers estables a través de 10 setZones consecutivos"},{"ancestorTitles":["useParkingState — lógica de selección"],"duration":2,"failing":false,"failureDetails":[],"failureMessages":[],"fullName":"useParkingState — lógica de selección handleSpotSelect con spot 'available' → abre confirmModal","invocations":1,"location":null,"numPassingAsserts":3,"retryReasons":[],"startAt":1775317971801,"status":"passed","title":"handleSpotSelect con spot 'available' → abre confirmModal"},{"ancestorTitles":["useParkingState — lógica de selección"],"duration":2,"failing":false,"failureDetails":[],"failureMessages":[],"fullName":"useParkingState — lógica de selección handleSpotSelect con spot 'occupied' → no abre modal","invocations":1,"location":null,"numPassingAsserts":1,"retryReasons":[],"startAt":1775317971803,"status":"passed","title":"handleSpotSelect con spot 'occupied' → no abre modal"},{"ancestorTitles":["useParkingState — lógica de selección"],"duration":1,"failing":false,"failureDetails":[],"failureMessages":[],"fullName":"useParkingState — lógica de selección handleReportSpot con spot 'occupied' → abre reportModal","invocations":1,"location":null,"numPassingAsserts":1,"retryReasons":[],"startAt":1775317971805,"status":"passed","title":"handleReportSpot con spot 'occupied' → abre reportModal"},{"ancestorTitles":["useParkingState — lógica de selección"],"duration":2,"failing":false,"failureDetails":[],"failureMessages":[],"fullName":"useParkingState — lógica de selección handleReportSpot con spot 'available' → no abre modal","invocations":1,"location":null,"numPassingAsserts":1,"retryReasons":[],"startAt":1775317971807,"status":"passed","title":"handleReportSpot con spot 'available' → no abre modal"},{"ancestorTitles":["useParkingState — flujo claim/release"],"duration":6,"failing":false,"failureDetails":[],"failureMessages":[],"fullName":"useParkingState — flujo claim/release handleConfirmParking → userParking se setea con zona y spot correctos","invocations":1,"location":null,"numPassingAsserts":3,"retryReasons":[],"startAt":1775317971809,"status":"passed","title":"handleConfirmParking → userParking se setea con zona y spot correctos"},{"ancestorTitles":["useParkingState — flujo claim/release"],"duration":2,"failing":false,"failureDetails":[],"failureMessages":[],"fullName":"useParkingState — flujo claim/release handleConfirmParking → spot pasa a 'occupied' en zones","invocations":1,"location":null,"numPassingAsserts":1,"retryReasons":[],"startAt":1775317971815,"status":"passed","title":"handleConfirmParking → spot pasa a 'occupied' en zones"},{"ancestorTitles":["useParkingState — flujo claim/release"],"duration":2,"failing":false,"failureDetails":[],"failureMessages":[],"fullName":"useParkingState — flujo claim/release handleConfirmParking → cierra el modal","invocations":1,"location":null,"numPassingAsserts":2,"retryReasons":[],"startAt":1775317971817,"status":"passed","title":"handleConfirmParking → cierra el modal"},{"ancestorTitles":["useParkingState — flujo claim/release"],"duration":2,"failing":false,"failureDetails":[],"failureMessages":[],"fullName":"useParkingState — flujo claim/release handleLeaveParking → userParking vuelve a null","invocations":1,"location":null,"numPassingAsserts":2,"retryReasons":[],"startAt":1775317971819,"status":"passed","title":"handleLeaveParking → userParking vuelve a null"},{"ancestorTitles":["useParkingState — flujo claim/release"],"duration":3,"failing":false,"failureDetails":[],"failureMessages":[],"fullName":"useParkingState — flujo claim/release handleLeaveParking → spot vuelve a 'available'","invocations":1,"location":null,"numPassingAsserts":1,"retryReasons":[],"startAt":1775317971821,"status":"passed","title":"handleLeaveParking → spot vuelve a 'available'"}],"endTime":1775317971825,"message":"","name":"/Users/felipeeguia03/Desktop/parkit-mobile/__tests__/hooks/useParkingState-stability.test.tsx","startTime":1775317971614,"status":"passed","summary":""},{"assertionResults":[{"ancestorTitles":["MyParkingCard — contenido"],"duration":105,"failing":false,"failureDetails":[],"failureMessages":[],"fullName":"MyParkingCard — contenido muestra el ID del spot","invocations":1,"location":null,"numPassingAsserts":1,"retryReasons":[],"startAt":1775317971712,"status":"passed","title":"muestra el ID del spot"},{"ancestorTitles":["MyParkingCard — contenido"],"duration":3,"failing":false,"failureDetails":[],"failureMessages":[],"fullName":"MyParkingCard — contenido muestra el nombre de la zona","invocations":1,"location":null,"numPassingAsserts":1,"retryReasons":[],"startAt":1775317971817,"status":"passed","title":"muestra el nombre de la zona"},{"ancestorTitles":["MyParkingCard — contenido"],"duration":3,"failing":false,"failureDetails":[],"failureMessages":[],"fullName":"MyParkingCard — contenido muestra la hora de inicio con el prefijo 'Desde las'","invocations":1,"location":null,"numPassingAsserts":1,"retryReasons":[],"startAt":1775317971820,"status":"passed","title":"muestra la hora de inicio con el prefijo 'Desde las'"},{"ancestorTitles":["MyParkingCard — interacciones"],"duration":3,"failing":false,"failureDetails":[],"failureMessages":[],"fullName":"MyParkingCard — interacciones llama a onLeave al presionar 'Liberar lugar'","invocations":1,"location":null,"numPassingAsserts":1,"retryReasons":[],"startAt":1775317971823,"status":"passed","title":"llama a onLeave al presionar 'Liberar lugar'"},{"ancestorTitles":["MyParkingCard — interacciones"],"duration":5,"failing":false,"failureDetails":[],"failureMessages":[],"fullName":"MyParkingCard — interacciones navega al mapa con focusZoneId correcto al presionar 'Ver en mapa'","invocations":1,"location":null,"numPassingAsserts":1,"retryReasons":[],"startAt":1775317971826,"status":"passed","title":"navega al mapa con focusZoneId correcto al presionar 'Ver en mapa'"}],"endTime":1775317971832,"message":"","name":"/Users/felipeeguia03/Desktop/parkit-mobile/__tests__/components/MyParkingCard.test.tsx","startTime":1775317971640,"status":"passed","summary":""},{"assertionResults":[{"ancestorTitles":["updateOneSpot"],"duration":3,"failing":false,"failureDetails":[],"failureMessages":[],"fullName":"updateOneSpot cambia el status del spot correcto","invocations":1,"location":null,"numPassingAsserts":1,"retryReasons":[],"startAt":1775317972209,"status":"passed","title":"cambia el status del spot correcto"},{"ancestorTitles":["updateOneSpot"],"duration":0,"failing":false,"failureDetails":[],"failureMessages":[],"fullName":"updateOneSpot no modifica otros spots de la misma zona","invocations":1,"location":null,"numPassingAsserts":2,"retryReasons":[],"startAt":1775317972212,"status":"passed","title":"no modifica otros spots de la misma zona"},{"ancestorTitles":["updateOneSpot"],"duration":1,"failing":false,"failureDetails":[],"failureMessages":[],"fullName":"updateOneSpot no modifica zonas que no contienen el spot","invocations":1,"location":null,"numPassingAsserts":2,"retryReasons":[],"startAt":1775317972212,"status":"passed","title":"no modifica zonas que no contienen el spot"},{"ancestorTitles":["updateOneSpot"],"duration":0,"failing":false,"failureDetails":[],"failureMessages":[],"fullName":"updateOneSpot spotId inexistente devuelve array con mismos statuses","invocations":1,"location":null,"numPassingAsserts":5,"retryReasons":[],"startAt":1775317972213,"status":"passed","title":"spotId inexistente devuelve array con mismos statuses"},{"ancestorTitles":["updateOneSpot"],"duration":1,"failing":false,"failureDetails":[],"failureMessages":[],"fullName":"updateOneSpot devuelve un array nuevo (inmutabilidad)","invocations":1,"location":null,"numPassingAsserts":1,"retryReasons":[],"startAt":1775317972213,"status":"passed","title":"devuelve un array nuevo (inmutabilidad)"},{"ancestorTitles":["updateOneSpot"],"duration":0,"failing":false,"failureDetails":[],"failureMessages":[],"fullName":"updateOneSpot la zona que contiene el spot tiene nueva referencia","invocations":1,"location":null,"numPassingAsserts":1,"retryReasons":[],"startAt":1775317972214,"status":"passed","title":"la zona que contiene el spot tiene nueva referencia"},{"ancestorTitles":["updateOneSpot"],"duration":0,"failing":false,"failureDetails":[],"failureMessages":[],"fullName":"updateOneSpot la zona que NO contiene el spot conserva la misma referencia","invocations":1,"location":null,"numPassingAsserts":1,"retryReasons":[],"startAt":1775317972214,"status":"passed","title":"la zona que NO contiene el spot conserva la misma referencia"},{"ancestorTitles":["updateOneSpot"],"duration":0,"failing":false,"failureDetails":[],"failureMessages":[],"fullName":"updateOneSpot puede cambiar a status 'reported'","invocations":1,"location":null,"numPassingAsserts":1,"retryReasons":[],"startAt":1775317972214,"status":"passed","title":"puede cambiar a status 'reported'"},{"ancestorTitles":["applyStatusMap"],"duration":0,"failing":false,"failureDetails":[],"failureMessages":[],"fullName":"applyStatusMap aplica el Map a los spots correspondientes","invocations":1,"location":null,"numPassingAsserts":2,"retryReasons":[],"startAt":1775317972214,"status":"passed","title":"aplica el Map a los spots correspondientes"},{"ancestorTitles":["applyStatusMap"],"duration":1,"failing":false,"failureDetails":[],"failureMessages":[],"fullName":"applyStatusMap Map vacío devuelve los mismos statuses","invocations":1,"location":null,"numPassingAsserts":5,"retryReasons":[],"startAt":1775317972214,"status":"passed","title":"Map vacío devuelve los mismos statuses"},{"ancestorTitles":["applyStatusMap"],"duration":0,"failing":false,"failureDetails":[],"failureMessages":[],"fullName":"applyStatusMap spotId que no existe en zones es ignorado silenciosamente","invocations":1,"location":null,"numPassingAsserts":5,"retryReasons":[],"startAt":1775317972215,"status":"passed","title":"spotId que no existe en zones es ignorado silenciosamente"},{"ancestorTitles":["applyStatusMap"],"duration":0,"failing":false,"failureDetails":[],"failureMessages":[],"fullName":"applyStatusMap actualiza múltiples spots en múltiples zonas en un solo pase","invocations":1,"location":null,"numPassingAsserts":3,"retryReasons":[],"startAt":1775317972215,"status":"passed","title":"actualiza múltiples spots en múltiples zonas en un solo pase"},{"ancestorTitles":["applyStatusMap"],"duration":0,"failing":false,"failureDetails":[],"failureMessages":[],"fullName":"applyStatusMap devuelve array nuevo (inmutabilidad)","invocations":1,"location":null,"numPassingAsserts":1,"retryReasons":[],"startAt":1775317972215,"status":"passed","title":"devuelve array nuevo (inmutabilidad)"}],"endTime":1775317972216,"message":"","name":"/Users/felipeeguia03/Desktop/parkit-mobile/__tests__/lib/parking-utils.test.ts","startTime":1775317970198,"status":"passed","summary":""},{"assertionResults":[{"ancestorTitles":["deduplicación optimistic + Realtime (Fase 2b)"],"duration":2,"failing":false,"failureDetails":[],"failureMessages":[],"fullName":"deduplicación optimistic + Realtime (Fase 2b) Realtime con mismo status que optimistic → update ignorado","invocations":1,"location":null,"numPassingAsserts":1,"retryReasons":[],"startAt":1775317972236,"status":"passed","title":"Realtime con mismo status que optimistic → update ignorado"},{"ancestorTitles":["deduplicación optimistic + Realtime (Fase 2b)"],"duration":1,"failing":false,"failureDetails":[],"failureMessages":[],"fullName":"deduplicación optimistic + Realtime (Fase 2b) Realtime con mismo status → limpia el pendingOptimistic","invocations":1,"location":null,"numPassingAsserts":1,"retryReasons":[],"startAt":1775317972238,"status":"passed","title":"Realtime con mismo status → limpia el pendingOptimistic"},{"ancestorTitles":["deduplicación optimistic + Realtime (Fase 2b)"],"duration":0,"failing":false,"failureDetails":[],"failureMessages":[],"fullName":"deduplicación optimistic + Realtime (Fase 2b) Realtime con status distinto → update aplicado (servidor corrigió)","invocations":1,"location":null,"numPassingAsserts":1,"retryReasons":[],"startAt":1775317972239,"status":"passed","title":"Realtime con status distinto → update aplicado (servidor corrigió)"},{"ancestorTitles":["deduplicación optimistic + Realtime (Fase 2b)"],"duration":0,"failing":false,"failureDetails":[],"failureMessages":[],"fullName":"deduplicación optimistic + Realtime (Fase 2b) Realtime sin optimistic pendiente → update aplicado normalmente","invocations":1,"location":null,"numPassingAsserts":1,"retryReasons":[],"startAt":1775317972239,"status":"passed","title":"Realtime sin optimistic pendiente → update aplicado normalmente"},{"ancestorTitles":["deduplicación optimistic + Realtime (Fase 2b)"],"duration":1,"failing":false,"failureDetails":[],"failureMessages":[],"fullName":"deduplicación optimistic + Realtime (Fase 2b) dos spots en vuelo simultáneo → cada uno deduplica independientemente","invocations":1,"location":null,"numPassingAsserts":2,"retryReasons":[],"startAt":1775317972239,"status":"passed","title":"dos spots en vuelo simultáneo → cada uno deduplica independientemente"},{"ancestorTitles":["deduplicación optimistic + Realtime (Fase 2b)"],"duration":0,"failing":false,"failureDetails":[],"failureMessages":[],"fullName":"deduplicación optimistic + Realtime (Fase 2b) Realtime de spot distinto no limpia el pending de otro spot","invocations":1,"location":null,"numPassingAsserts":2,"retryReasons":[],"startAt":1775317972240,"status":"passed","title":"Realtime de spot distinto no limpia el pending de otro spot"},{"ancestorTitles":["deduplicación optimistic + Realtime (Fase 2b)"],"duration":0,"failing":false,"failureDetails":[],"failureMessages":[],"fullName":"deduplicación optimistic + Realtime (Fase 2b) segundo Realtime del mismo spot (sin optimistic) → aplicado","invocations":1,"location":null,"numPassingAsserts":2,"retryReasons":[],"startAt":1775317972240,"status":"passed","title":"segundo Realtime del mismo spot (sin optimistic) → aplicado"}],"endTime":1775317972241,"message":"","name":"/Users/felipeeguia03/Desktop/parkit-mobile/__tests__/lib/deduplication.test.ts","startTime":1775317970174,"status":"passed","summary":""},{"assertionResults":[{"ancestorTitles":["zoneLayerComparator"],"duration":2,"failing":false,"failureDetails":[],"failureMessages":[],"fullName":"zoneLayerComparator mismas props → true (no re-renderizar)","invocations":1,"location":null,"numPassingAsserts":1,"retryReasons":[],"startAt":1775317972316,"status":"passed","title":"mismas props → true (no re-renderizar)"},{"ancestorTitles":["zoneLayerComparator"],"duration":1,"failing":false,"failureDetails":[],"failureMessages":[],"fullName":"zoneLayerComparator nuevo array de zones con mismos statuses → true","invocations":1,"location":null,"numPassingAsserts":1,"retryReasons":[],"startAt":1775317972318,"status":"passed","title":"nuevo array de zones con mismos statuses → true"},{"ancestorTitles":["zoneLayerComparator"],"duration":0,"failing":false,"failureDetails":[],"failureMessages":[],"fullName":"zoneLayerComparator spot pasa de 'occupied' a 'reported' → true (available no cambia)","invocations":1,"location":null,"numPassingAsserts":1,"retryReasons":[],"startAt":1775317972319,"status":"passed","title":"spot pasa de 'occupied' a 'reported' → true (available no cambia)"},{"ancestorTitles":["zoneLayerComparator"],"duration":0,"failing":false,"failureDetails":[],"failureMessages":[],"fullName":"zoneLayerComparator spot pasa de 'available' a 'occupied' → false (conteo disponibles cambia)","invocations":1,"location":null,"numPassingAsserts":1,"retryReasons":[],"startAt":1775317972319,"status":"passed","title":"spot pasa de 'available' a 'occupied' → false (conteo disponibles cambia)"},{"ancestorTitles":["zoneLayerComparator"],"duration":1,"failing":false,"failureDetails":[],"failureMessages":[],"fullName":"zoneLayerComparator focusedZoneId cambia de null a 'A' → false","invocations":1,"location":null,"numPassingAsserts":1,"retryReasons":[],"startAt":1775317972319,"status":"passed","title":"focusedZoneId cambia de null a 'A' → false"},{"ancestorTitles":["zoneLayerComparator"],"duration":0,"failing":false,"failureDetails":[],"failureMessages":[],"fullName":"zoneLayerComparator focusedZoneId cambia de 'A' a 'B' → false","invocations":1,"location":null,"numPassingAsserts":1,"retryReasons":[],"startAt":1775317972320,"status":"passed","title":"focusedZoneId cambia de 'A' a 'B' → false"},{"ancestorTitles":["zoneLayerComparator"],"duration":0,"failing":false,"failureDetails":[],"failureMessages":[],"fullName":"zoneLayerComparator cantidad de zonas cambia → false","invocations":1,"location":null,"numPassingAsserts":1,"retryReasons":[],"startAt":1775317972320,"status":"passed","title":"cantidad de zonas cambia → false"},{"ancestorTitles":["spotsLayerComparator"],"duration":0,"failing":false,"failureDetails":[],"failureMessages":[],"fullName":"spotsLayerComparator mismas props → true","invocations":1,"location":null,"numPassingAsserts":1,"retryReasons":[],"startAt":1775317972321,"status":"passed","title":"mismas props → true"},{"ancestorTitles":["spotsLayerComparator"],"duration":0,"failing":false,"failureDetails":[],"failureMessages":[],"fullName":"spotsLayerComparator nueva referencia de zone con mismos statuses → true","invocations":1,"location":null,"numPassingAsserts":1,"retryReasons":[],"startAt":1775317972321,"status":"passed","title":"nueva referencia de zone con mismos statuses → true"},{"ancestorTitles":["spotsLayerComparator"],"duration":0,"failing":false,"failureDetails":[],"failureMessages":[],"fullName":"spotsLayerComparator un spot cambia status → false (para pasar props nuevos a SpotPolygon hijos)","invocations":1,"location":null,"numPassingAsserts":1,"retryReasons":[],"startAt":1775317972321,"status":"passed","title":"un spot cambia status → false (para pasar props nuevos a SpotPolygon hijos)"},{"ancestorTitles":["spotsLayerComparator"],"duration":0,"failing":false,"failureDetails":[],"failureMessages":[],"fullName":"spotsLayerComparator renderCount sube (RAF batch) → false","invocations":1,"location":null,"numPassingAsserts":1,"retryReasons":[],"startAt":1775317972321,"status":"passed","title":"renderCount sube (RAF batch) → false"},{"ancestorTitles":["spotsLayerComparator"],"duration":0,"failing":false,"failureDetails":[],"failureMessages":[],"fullName":"spotsLayerComparator renderCount baja a 0 (reset por cambio de zona) → false","invocations":1,"location":null,"numPassingAsserts":1,"retryReasons":[],"startAt":1775317972321,"status":"passed","title":"renderCount baja a 0 (reset por cambio de zona) → false"},{"ancestorTitles":["spotsLayerComparator"],"duration":0,"failing":false,"failureDetails":[],"failureMessages":[],"fullName":"spotsLayerComparator showNumbers cambia → false","invocations":1,"location":null,"numPassingAsserts":1,"retryReasons":[],"startAt":1775317972321,"status":"passed","title":"showNumbers cambia → false"},{"ancestorTitles":["spotsLayerComparator"],"duration":0,"failing":false,"failureDetails":[],"failureMessages":[],"fullName":"spotsLayerComparator zone.id cambia (cambio de zona) → false","invocations":1,"location":null,"numPassingAsserts":1,"retryReasons":[],"startAt":1775317972321,"status":"passed","title":"zone.id cambia (cambio de zona) → false"},{"ancestorTitles":["spotsLayerComparator"],"duration":1,"failing":false,"failureDetails":[],"failureMessages":[],"fullName":"spotsLayerComparator spots.length cambia → false","invocations":1,"location":null,"numPassingAsserts":1,"retryReasons":[],"startAt":1775317972321,"status":"passed","title":"spots.length cambia → false"},{"ancestorTitles":["spotPolygonComparator"],"duration":0,"failing":false,"failureDetails":[],"failureMessages":[],"fullName":"spotPolygonComparator mismas props → true (no re-renderizar)","invocations":1,"location":null,"numPassingAsserts":1,"retryReasons":[],"startAt":1775317972322,"status":"passed","title":"mismas props → true (no re-renderizar)"},{"ancestorTitles":["spotPolygonComparator"],"duration":0,"failing":false,"failureDetails":[],"failureMessages":[],"fullName":"spotPolygonComparator mismo status, nueva referencia de spot → true","invocations":1,"location":null,"numPassingAsserts":1,"retryReasons":[],"startAt":1775317972322,"status":"passed","title":"mismo status, nueva referencia de spot → true"},{"ancestorTitles":["spotPolygonComparator"],"duration":0,"failing":false,"failureDetails":[],"failureMessages":[],"fullName":"spotPolygonComparator status cambia de 'occupied' a 'available' → false","invocations":1,"location":null,"numPassingAsserts":1,"retryReasons":[],"startAt":1775317972322,"status":"passed","title":"status cambia de 'occupied' a 'available' → false"},{"ancestorTitles":["spotPolygonComparator"],"duration":0,"failing":false,"failureDetails":[],"failureMessages":[],"fullName":"spotPolygonComparator status cambia de 'available' a 'reported' → false","invocations":1,"location":null,"numPassingAsserts":1,"retryReasons":[],"startAt":1775317972322,"status":"passed","title":"status cambia de 'available' a 'reported' → false"},{"ancestorTitles":["spotPolygonComparator"],"duration":0,"failing":false,"failureDetails":[],"failureMessages":[],"fullName":"spotPolygonComparator showNumbers cambia → false","invocations":1,"location":null,"numPassingAsserts":1,"retryReasons":[],"startAt":1775317972322,"status":"passed","title":"showNumbers cambia → false"},{"ancestorTitles":["spotPolygonComparator"],"duration":0,"failing":false,"failureDetails":[],"failureMessages":[],"fullName":"spotPolygonComparator onPress cambia de referencia → true (no afecta: deps vacíos garantizan estabilidad)","invocations":1,"location":null,"numPassingAsserts":1,"retryReasons":[],"startAt":1775317972322,"status":"passed","title":"onPress cambia de referencia → true (no afecta: deps vacíos garantizan estabilidad)"},{"ancestorTitles":["spotPolygonComparator"],"duration":0,"failing":false,"failureDetails":[],"failureMessages":[],"fullName":"spotPolygonComparator zone o idx cambian → true (geometría estática calculada con useMemo([]))","invocations":1,"location":null,"numPassingAsserts":1,"retryReasons":[],"startAt":1775317972322,"status":"passed","title":"zone o idx cambian → true (geometría estática calculada con useMemo([]))"}],"endTime":1775317972323,"message":"","name":"/Users/felipeeguia03/Desktop/parkit-mobile/__tests__/lib/memo-comparators.test.ts","startTime":1775317970156,"status":"passed","summary":""},{"assertionResults":[{"ancestorTitles":["Reportes — integración"],"duration":9,"failing":false,"failureDetails":[],"failureMessages":[],"fullName":"Reportes — integración puede insertar reporte tipo free_but_occupied","invocations":1,"location":null,"numPassingAsserts":1,"retryReasons":[],"startAt":1775317972505,"status":"passed","title":"puede insertar reporte tipo free_but_occupied"},{"ancestorTitles":["Reportes — integración"],"duration":4,"failing":false,"failureDetails":[],"failureMessages":[],"fullName":"Reportes — integración puede insertar reporte tipo occupied_but_free","invocations":1,"location":null,"numPassingAsserts":1,"retryReasons":[],"startAt":1775317972514,"status":"passed","title":"puede insertar reporte tipo occupied_but_free"},{"ancestorTitles":["Reportes — integración"],"duration":5,"failing":false,"failureDetails":[],"failureMessages":[],"fullName":"Reportes — integración tipo inválido es rechazado por constraint","invocations":1,"location":null,"numPassingAsserts":2,"retryReasons":[],"startAt":1775317972518,"status":"passed","title":"tipo inválido es rechazado por constraint"},{"ancestorTitles":["Reportes — integración"],"duration":3,"failing":false,"failureDetails":[],"failureMessages":[],"fullName":"Reportes — integración usuario puede leer sus propios reportes","invocations":1,"location":null,"numPassingAsserts":3,"retryReasons":[],"startAt":1775317972523,"status":"passed","title":"usuario puede leer sus propios reportes"},{"ancestorTitles":["Reportes — integración"],"duration":6,"failing":false,"failureDetails":[],"failureMessages":[],"fullName":"Reportes — integración el spot queda en 'reported' después de actualizar su status","invocations":1,"location":null,"numPassingAsserts":1,"retryReasons":[],"startAt":1775317972526,"status":"passed","title":"el spot queda en 'reported' después de actualizar su status"},{"ancestorTitles":["Reportes — integración"],"duration":195,"failing":false,"failureDetails":[],"failureMessages":[],"fullName":"Reportes — integración otro usuario no puede leer reportes del reporter (RLS)","invocations":1,"location":null,"numPassingAsserts":1,"retryReasons":[],"startAt":1775317972532,"status":"passed","title":"otro usuario no puede leer reportes del reporter (RLS)"}],"endTime":1775317972754,"message":"","name":"/Users/felipeeguia03/Desktop/parkit-mobile/__tests__/integration/reports.test.ts","startTime":1775317970167,"status":"passed","summary":""},{"assertionResults":[{"ancestorTitles":["Parking — ciclo claim/release"],"duration":9,"failing":false,"failureDetails":[],"failureMessages":[],"fullName":"Parking — ciclo claim/release puede leer parking_spots autenticado","invocations":1,"location":null,"numPassingAsserts":3,"retryReasons":[],"startAt":1775317972499,"status":"passed","title":"puede leer parking_spots autenticado"},{"ancestorTitles":["Parking — ciclo claim/release"],"duration":4,"failing":false,"failureDetails":[],"failureMessages":[],"fullName":"Parking — ciclo claim/release spot inicial está disponible","invocations":1,"location":null,"numPassingAsserts":1,"retryReasons":[],"startAt":1775317972509,"status":"passed","title":"spot inicial está disponible"},{"ancestorTitles":["Parking — ciclo claim/release"],"duration":9,"failing":false,"failureDetails":[],"failureMessages":[],"fullName":"Parking — ciclo claim/release claim: actualiza spot a occupied","invocations":1,"location":null,"numPassingAsserts":2,"retryReasons":[],"startAt":1775317972513,"status":"passed","title":"claim: actualiza spot a occupied"},{"ancestorTitles":["Parking — ciclo claim/release"],"duration":5,"failing":false,"failureDetails":[],"failureMessages":[],"fullName":"Parking — ciclo claim/release claim: inserta parking_event con action=claim","invocations":1,"location":null,"numPassingAsserts":1,"retryReasons":[],"startAt":1775317972522,"status":"passed","title":"claim: inserta parking_event con action=claim"},{"ancestorTitles":["Parking — ciclo claim/release"],"duration":2,"failing":false,"failureDetails":[],"failureMessages":[],"fullName":"Parking — ciclo claim/release claim: el evento es visible para el mismo usuario","invocations":1,"location":null,"numPassingAsserts":2,"retryReasons":[],"startAt":1775317972528,"status":"passed","title":"claim: el evento es visible para el mismo usuario"},{"ancestorTitles":["Parking — ciclo claim/release"],"duration":7,"failing":false,"failureDetails":[],"failureMessages":[],"fullName":"Parking — ciclo claim/release release: actualiza spot a available + inserta event con duration_minutes","invocations":1,"location":null,"numPassingAsserts":3,"retryReasons":[],"startAt":1775317972530,"status":"passed","title":"release: actualiza spot a available + inserta event con duration_minutes"},{"ancestorTitles":["Parking — ciclo claim/release"],"duration":2,"failing":false,"failureDetails":[],"failureMessages":[],"fullName":"Parking — ciclo claim/release acción inválida es rechazada por el check constraint","invocations":1,"location":null,"numPassingAsserts":2,"retryReasons":[],"startAt":1775317972537,"status":"passed","title":"acción inválida es rechazada por el check constraint"},{"ancestorTitles":["Parking — ciclo claim/release"],"duration":198,"failing":false,"failureDetails":[],"failureMessages":[],"fullName":"Parking — ciclo claim/release usuario no puede leer eventos de otro usuario (RLS)","invocations":1,"location":null,"numPassingAsserts":1,"retryReasons":[],"startAt":1775317972539,"status":"passed","title":"usuario no puede leer eventos de otro usuario (RLS)"}],"endTime":1775317972764,"message":"","name":"/Users/felipeeguia03/Desktop/parkit-mobile/__tests__/integration/parking.test.ts","startTime":1775317970175,"status":"passed","summary":""},{"assertionResults":[{"ancestorTitles":["Auth — integración"],"duration":98,"failing":false,"failureDetails":[],"failureMessages":[],"fullName":"Auth — integración login exitoso con credenciales válidas","invocations":1,"location":null,"numPassingAsserts":2,"retryReasons":[],"startAt":1775317972502,"status":"passed","title":"login exitoso con credenciales válidas"},{"ancestorTitles":["Auth — integración"],"duration":88,"failing":false,"failureDetails":[],"failureMessages":[],"fullName":"Auth — integración sesión activa después del login","invocations":1,"location":null,"numPassingAsserts":2,"retryReasons":[],"startAt":1775317972600,"status":"passed","title":"sesión activa después del login"},{"ancestorTitles":["Auth — integración"],"duration":0,"failing":false,"failureDetails":[],"failureMessages":[],"fullName":"Auth — integración rechaza email no-institucional sin llamar a Supabase","invocations":1,"location":null,"numPassingAsserts":2,"retryReasons":[],"startAt":1775317972688,"status":"passed","title":"rechaza email no-institucional sin llamar a Supabase"},{"ancestorTitles":["Auth — integración"],"duration":83,"failing":false,"failureDetails":[],"failureMessages":[],"fullName":"Auth — integración rechaza contraseña incorrecta","invocations":1,"location":null,"numPassingAsserts":2,"retryReasons":[],"startAt":1775317972688,"status":"passed","title":"rechaza contraseña incorrecta"},{"ancestorTitles":["Auth — integración"],"duration":3,"failing":false,"failureDetails":[],"failureMessages":[],"fullName":"Auth — integración usuario no autenticado no puede leer parking_spots (RLS)","invocations":1,"location":null,"numPassingAsserts":1,"retryReasons":[],"startAt":1775317972771,"status":"passed","title":"usuario no autenticado no puede leer parking_spots (RLS)"}],"endTime":1775317972826,"message":"","name":"/Users/felipeeguia03/Desktop/parkit-mobile/__tests__/integration/auth.test.ts","startTime":1775317970196,"status":"passed","summary":""}],"wasInterrupted":false}
